update-alternatives 2017-07-18 19:22:16: run with --quiet --install /usr/bin/awk awk /usr/bin/mawk 5 --slave /usr/share/man/man1/awk.1.gz awk.1.gz /usr/share/man/man1/mawk.1.gz --slave /usr/bin/nawk nawk /usr/bin/mawk --slave /usr/share/man/man1/nawk.1.gz nawk.1.gz /usr/share/man/man1/mawk.1.gz
update-alternatives 2017-07-18 19:22:16: link group awk updated to point to /usr/bin/mawk
update-alternatives 2017-07-18 19:24:56: run with --quiet --install /usr/bin/awk awk /usr/bin/mawk 5 --slave /usr/share/man/man1/awk.1.gz awk.1.gz /usr/share/man/man1/mawk.1.gz --slave /usr/bin/nawk nawk /usr/bin/mawk --slave /usr/share/man/man1/nawk.1.gz nawk.1.gz /usr/share/man/man1/mawk.1.gz
update-alternatives 2017-07-18 19:24:59: run with --install /usr/sbin/rmt rmt /usr/sbin/rmt-tar 50 --slave /usr/share/man/man8/rmt.8.gz rmt.8.gz /usr/share/man/man8/rmt-tar.8.gz
update-alternatives 2017-07-18 19:24:59: link group rmt updated to point to /usr/sbin/rmt-tar
update-alternatives 2017-07-18 19:25:02: run with --install /usr/share/man/man7/builtins.7.gz builtins.7.gz /usr/share/man/man7/bash-builtins.7.gz 10
update-alternatives 2017-07-18 19:25:02: link group builtins.7.gz updated to point to /usr/share/man/man7/bash-builtins.7.gz
update-alternatives 2017-07-18 19:25:11: run with --install /usr/bin/pager pager /bin/more 50 --slave /usr/share/man/man1/pager.1.gz pager.1.gz /usr/share/man/man1/more.1.gz
update-alternatives 2017-07-18 19:25:11: link group pager updated to point to /bin/more
update-alternatives 2017-07-18 19:25:11: run with --install /usr/bin/pager pager /usr/bin/pg 10 --slave /usr/share/man/man1/pager.1.gz pager.1.gz /usr/share/man/man1/pg.1.gz
update-alternatives 2017-07-18 19:25:51: run with --install /usr/bin/w w /usr/bin/w.procps 50 --slave /usr/share/man/man1/w.1.gz w.1.gz /usr/share/man/man1/w.procps.1.gz
update-alternatives 2017-07-18 19:25:51: link group w updated to point to /usr/bin/w.procps
update-alternatives 2017-07-18 19:27:48: run with --install /bin/mt mt /bin/mt-gnu 10 --slave /usr/share/man/man1/mt.1.gz mt.1.gz /usr/share/man/man1/mt-gnu.1.gz
update-alternatives 2017-07-18 19:27:48: link group mt updated to point to /bin/mt-gnu
update-alternatives 2017-07-18 19:27:51: run with --install /usr/bin/editor editor /bin/nano 40 --slave /usr/share/man/man1/editor.1.gz editor.1.gz /usr/share/man/man1/nano.1.gz
update-alternatives 2017-07-18 19:27:51: link group editor updated to point to /bin/nano
update-alternatives 2017-07-18 19:27:51: run with --install /usr/bin/pico pico /bin/nano 10 --slave /usr/share/man/man1/pico.1.gz pico.1.gz /usr/share/man/man1/nano.1.gz
update-alternatives 2017-07-18 19:27:51: link group pico updated to point to /bin/nano
update-alternatives 2017-07-18 19:27:53: run with --install /usr/bin/write write /usr/bin/bsd-write 100 --slave /usr/share/man/man1/write.1.gz write.1.gz /usr/share/man/man1/bsd-write.1.gz
update-alternatives 2017-07-18 19:27:53: link group write updated to point to /usr/bin/bsd-write
update-alternatives 2017-07-18 19:27:54: run with --install /usr/bin/from from /usr/bin/bsd-from 10 --slave /usr/share/man/man1/from.1.gz from.1.gz /usr/share/man/man1/bsd-from.1.gz
update-alternatives 2017-07-18 19:27:54: link group from updated to point to /usr/bin/bsd-from
update-alternatives 2017-07-18 19:28:06: run with --install /usr/bin/rview rview /usr/bin/vim.tiny 15
update-alternatives 2017-07-18 19:28:06: link group rview updated to point to /usr/bin/vim.tiny
update-alternatives 2017-07-18 19:28:06: run with --install /usr/bin/vi vi /usr/bin/vim.tiny 15 --slave /usr/share/man/fr/man1/vi.1.gz vi.fr.1.gz /usr/share/man/fr/man1/vim.1.gz --slave /usr/share/man/it/man1/vi.1.gz vi.it.1.gz /usr/share/man/it/man1/vim.1.gz --slave /usr/share/man/pl/man1/vi.1.gz vi.pl.1.gz /usr/share/man/pl/man1/vim.1.gz --slave /usr/share/man/ru/man1/vi.1.gz vi.ru.1.gz /usr/share/man/ru/man1/vim.1.gz --slave /usr/share/man/ja/man1/vi.1.gz vi.ja.1.gz /usr/share/man/ja/man1/vim.1.gz --slave /usr/share/man/man1/vi.1.gz vi.1.gz /usr/share/man/man1/vim.1.gz
update-alternatives 2017-07-18 19:28:06: link group vi updated to point to /usr/bin/vim.tiny
update-alternatives 2017-07-18 19:28:08: run with --install /usr/bin/view view /usr/bin/vim.tiny 15 --slave /usr/share/man/fr/man1/view.1.gz view.fr.1.gz /usr/share/man/fr/man1/vim.1.gz --slave /usr/share/man/it/man1/view.1.gz view.it.1.gz /usr/share/man/it/man1/vim.1.gz --slave /usr/share/man/pl/man1/view.1.gz view.pl.1.gz /usr/share/man/pl/man1/vim.1.gz --slave /usr/share/man/ru/man1/view.1.gz view.ru.1.gz /usr/share/man/ru/man1/vim.1.gz --slave /usr/share/man/ja/man1/view.1.gz view.ja.1.gz /usr/share/man/ja/man1/vim.1.gz --slave /usr/share/man/man1/view.1.gz view.1.gz /usr/share/man/man1/vim.1.gz
update-alternatives 2017-07-18 19:28:08: link group view updated to point to /usr/bin/vim.tiny
update-alternatives 2017-07-18 19:28:08: run with --install /usr/bin/ex ex /usr/bin/vim.tiny 15 --slave /usr/share/man/fr/man1/ex.1.gz ex.fr.1.gz /usr/share/man/fr/man1/vim.1.gz --slave /usr/share/man/it/man1/ex.1.gz ex.it.1.gz /usr/share/man/it/man1/vim.1.gz --slave /usr/share/man/pl/man1/ex.1.gz ex.pl.1.gz /usr/share/man/pl/man1/vim.1.gz --slave /usr/share/man/ru/man1/ex.1.gz ex.ru.1.gz /usr/share/man/ru/man1/vim.1.gz --slave /usr/share/man/ja/man1/ex.1.gz ex.ja.1.gz /usr/share/man/ja/man1/vim.1.gz --slave /usr/share/man/man1/ex.1.gz ex.1.gz /usr/share/man/man1/vim.1.gz
update-alternatives 2017-07-18 19:28:08: link group ex updated to point to /usr/bin/vim.tiny
update-alternatives 2017-07-18 19:28:08: run with --install /usr/bin/editor editor /usr/bin/vim.tiny 15 --slave /usr/share/man/fr/man1/editor.1.gz editor.fr.1.gz /usr/share/man/fr/man1/vim.1.gz --slave /usr/share/man/it/man1/editor.1.gz editor.it.1.gz /usr/share/man/it/man1/vim.1.gz --slave /usr/share/man/pl/man1/editor.1.gz editor.pl.1.gz /usr/share/man/pl/man1/vim.1.gz --slave /usr/share/man/ru/man1/editor.1.gz editor.ru.1.gz /usr/share/man/ru/man1/vim.1.gz --slave /usr/share/man/ja/man1/editor.1.gz editor.ja.1.gz /usr/share/man/ja/man1/vim.1.gz --slave /usr/share/man/man1/editor.1.gz editor.1.gz /usr/share/man/man1/vim.1.gz
update-alternatives 2017-07-18 19:28:14: run with --quiet --install /usr/bin/pinentry pinentry /usr/bin/pinentry-curses 50 --slave /usr/share/man/man1/pinentry.1.gz pinentry.1.gz /usr/share/man/man1/pinentry-curses.1.gz
update-alternatives 2017-07-18 19:28:14: link group pinentry updated to point to /usr/bin/pinentry-curses
update-alternatives 2017-07-18 22:02:07: run with --install /usr/share/icons/default/index.theme x-cursor-theme /usr/share/icons/Adwaita/cursor.theme 90
update-alternatives 2017-07-18 22:02:07: link group x-cursor-theme updated to point to /usr/share/icons/Adwaita/cursor.theme
update-alternatives 2017-07-18 22:02:27: run with --install /usr/bin/rmid rmid /usr/lib/jvm/java-8-openjdk-i386/jre/bin/rmid 1081 --slave /usr/share/man/man1/rmid.1.gz rmid.1.gz /usr/lib/jvm/java-8-openjdk-i386/jre/man/man1/rmid.1.gz
update-alternatives 2017-07-18 22:02:27: link group rmid updated to point to /usr/lib/jvm/java-8-openjdk-i386/jre/bin/rmid
update-alternatives 2017-07-18 22:02:27: run with --install /usr/bin/java java /usr/lib/jvm/java-8-openjdk-i386/jre/bin/java 1081 --slave /usr/share/man/man1/java.1.gz java.1.gz /usr/lib/jvm/java-8-openjdk-i386/jre/man/man1/java.1.gz
update-alternatives 2017-07-18 22:02:27: link group java updated to point to /usr/lib/jvm/java-8-openjdk-i386/jre/bin/java
update-alternatives 2017-07-18 22:02:27: run with --install /usr/bin/keytool keytool /usr/lib/jvm/java-8-openjdk-i386/jre/bin/keytool 1081 --slave /usr/share/man/man1/keytool.1.gz keytool.1.gz /usr/lib/jvm/java-8-openjdk-i386/jre/man/man1/keytool.1.gz
update-alternatives 2017-07-18 22:02:27: link group keytool updated to point to /usr/lib/jvm/java-8-openjdk-i386/jre/bin/keytool
update-alternatives 2017-07-18 22:02:27: run with --install /usr/bin/jjs jjs /usr/lib/jvm/java-8-openjdk-i386/jre/bin/jjs 1081 --slave /usr/share/man/man1/jjs.1.gz jjs.1.gz /usr/lib/jvm/java-8-openjdk-i386/jre/man/man1/jjs.1.gz
update-alternatives 2017-07-18 22:02:27: link group jjs updated to point to /usr/lib/jvm/java-8-openjdk-i386/jre/bin/jjs
update-alternatives 2017-07-18 22:02:27: run with --install /usr/bin/pack200 pack200 /usr/lib/jvm/java-8-openjdk-i386/jre/bin/pack200 1081 --slave /usr/share/man/man1/pack200.1.gz pack200.1.gz /usr/lib/jvm/java-8-openjdk-i386/jre/man/man1/pack200.1.gz
update-alternatives 2017-07-18 22:02:27: link group pack200 updated to point to /usr/lib/jvm/java-8-openjdk-i386/jre/bin/pack200
update-alternatives 2017-07-18 22:02:27: run with --install /usr/bin/rmiregistry rmiregistry /usr/lib/jvm/java-8-openjdk-i386/jre/bin/rmiregistry 1081 --slave /usr/share/man/man1/rmiregistry.1.gz rmiregistry.1.gz /usr/lib/jvm/java-8-openjdk-i386/jre/man/man1/rmiregistry.1.gz
update-alternatives 2017-07-18 22:02:27: link group rmiregistry updated to point to /usr/lib/jvm/java-8-openjdk-i386/jre/bin/rmiregistry
update-alternatives 2017-07-18 22:02:27: run with --install /usr/bin/unpack200 unpack200 /usr/lib/jvm/java-8-openjdk-i386/jre/bin/unpack200 1081 --slave /usr/share/man/man1/unpack200.1.gz unpack200.1.gz /usr/lib/jvm/java-8-openjdk-i386/jre/man/man1/unpack200.1.gz
update-alternatives 2017-07-18 22:02:27: link group unpack200 updated to point to /usr/lib/jvm/java-8-openjdk-i386/jre/bin/unpack200
update-alternatives 2017-07-18 22:02:29: run with --install /usr/bin/orbd orbd /usr/lib/jvm/java-8-openjdk-i386/jre/bin/orbd 1081 --slave /usr/share/man/man1/orbd.1.gz orbd.1.gz /usr/lib/jvm/java-8-openjdk-i386/jre/man/man1/orbd.1.gz
update-alternatives 2017-07-18 22:02:29: link group orbd updated to point to /usr/lib/jvm/java-8-openjdk-i386/jre/bin/orbd
update-alternatives 2017-07-18 22:02:29: run with --install /usr/bin/servertool servertool /usr/lib/jvm/java-8-openjdk-i386/jre/bin/servertool 1081 --slave /usr/share/man/man1/servertool.1.gz servertool.1.gz /usr/lib/jvm/java-8-openjdk-i386/jre/man/man1/servertool.1.gz
update-alternatives 2017-07-18 22:02:29: link group servertool updated to point to /usr/lib/jvm/java-8-openjdk-i386/jre/bin/servertool
update-alternatives 2017-07-18 22:02:29: run with --install /usr/bin/tnameserv tnameserv /usr/lib/jvm/java-8-openjdk-i386/jre/bin/tnameserv 1081 --slave /usr/share/man/man1/tnameserv.1.gz tnameserv.1.gz /usr/lib/jvm/java-8-openjdk-i386/jre/man/man1/tnameserv.1.gz
update-alternatives 2017-07-18 22:02:29: link group tnameserv updated to point to /usr/lib/jvm/java-8-openjdk-i386/jre/bin/tnameserv
update-alternatives 2017-07-18 22:02:29: run with --install /usr/bin/jexec jexec /usr/lib/jvm/java-8-openjdk-i386/jre/lib/jexec 1081 --slave /usr/share/binfmts/jar jexec-binfmt /usr/lib/jvm/java-8-openjdk-i386/jre/lib/jar.binfmt
update-alternatives 2017-07-18 22:02:29: link group jexec updated to point to /usr/lib/jvm/java-8-openjdk-i386/jre/lib/jexec
update-alternatives 2017-07-18 22:02:29: run with --install /usr/bin/policytool policytool /usr/lib/jvm/java-8-openjdk-i386/jre/bin/policytool 1081 --slave /usr/share/man/man1/policytool.1.gz policytool.1.gz /usr/lib/jvm/java-8-openjdk-i386/jre/man/man1/policytool.1.gz
update-alternatives 2017-07-18 22:02:29: link group policytool updated to point to /usr/lib/jvm/java-8-openjdk-i386/jre/bin/policytool
update-alternatives 2017-07-18 22:46:32: run with --quiet --install /usr/bin/pager pager /bin/less 77 --slave /usr/share/man/man1/pager.1.gz pager.1.gz /usr/share/man/man1/less.1.gz
update-alternatives 2017-07-18 22:46:32: link group pager updated to point to /bin/less
update-alternatives 2017-07-18 22:46:32: run with --quiet --remove pager /usr/bin/less
update-alternatives 2017-07-18 22:46:32: run with --quiet --install /usr/bin/pager pager /bin/less 77 --slave /usr/share/man/man1/pager.1.gz pager.1.gz /usr/share/man/man1/less.1.gz
update-alternatives 2017-07-18 22:46:32: run with --quiet --remove pager /usr/bin/less
update-alternatives 2017-07-18 22:47:05: run with --remove view /usr/bin/see
update-alternatives 2017-07-18 22:47:21: run with --install /etc/mysql/my.cnf my.cnf /etc/mysql/my.cnf.fallback 100
update-alternatives 2017-07-18 22:47:21: link group my.cnf updated to point to /etc/mysql/my.cnf.fallback
update-alternatives 2017-07-18 22:47:33: run with --install /bin/nc nc /bin/nc.traditional 10 --slave /bin/netcat netcat /bin/nc.traditional --slave /usr/share/man/man1/nc.1.gz nc.1.gz /usr/share/man/man1/nc.traditional.1.gz --slave /usr/share/man/man1/netcat.1.gz netcat.1.gz /usr/share/man/man1/nc.traditional.1.gz
update-alternatives 2017-07-18 22:47:33: link group nc updated to point to /bin/nc.traditional
update-alternatives 2017-07-18 22:47:36: run with --install /usr/lib/i386-linux-gnu/libtxc_dxtn.so libtxc-dxtn-i386-linux-gnu /usr/lib/i386-linux-gnu/s2tc/libtxc_dxtn.so 10
update-alternatives 2017-07-18 22:47:36: link group libtxc-dxtn-i386-linux-gnu updated to point to /usr/lib/i386-linux-gnu/s2tc/libtxc_dxtn.so
update-alternatives 2017-07-18 22:48:52: run with --quiet --install /usr/bin/awk awk /usr/bin/gawk 10 --slave /usr/share/man/man1/awk.1.gz awk.1.gz /usr/share/man/man1/gawk.1.gz --slave /usr/bin/nawk nawk /usr/bin/gawk --slave /usr/share/man/man1/nawk.1.gz nawk.1.gz /usr/share/man/man1/gawk.1.gz
update-alternatives 2017-07-18 22:48:52: link group awk updated to point to /usr/bin/gawk
update-alternatives 2017-07-18 22:49:05: run with --install /usr/bin/rename rename /usr/bin/prename 60 --slave /usr/share/man/man1/rename.1.gz rename.1.gz /usr/share/man/man1/prename.1.gz
update-alternatives 2017-07-18 22:49:05: link group rename updated to point to /usr/bin/prename
update-alternatives 2017-07-18 22:49:09: run with --install /usr/lib/libblas.so.3 libblas.so.3 /usr/lib/libblas/libblas.so.3 10
update-alternatives 2017-07-18 22:49:09: link group libblas.so.3 updated to point to /usr/lib/libblas/libblas.so.3
update-alternatives 2017-07-18 22:49:24: run with --install /usr/bin/lzma lzma /usr/bin/xz 20 --slave /usr/share/man/man1/lzma.1.gz lzma.1.gz /usr/share/man/man1/xz.1.gz --slave /usr/bin/unlzma unlzma /usr/bin/unxz --slave /usr/share/man/man1/unlzma.1.gz unlzma.1.gz /usr/share/man/man1/unxz.1.gz --slave /usr/bin/lzcat lzcat /usr/bin/xzcat --slave /usr/share/man/man1/lzcat.1.gz lzcat.1.gz /usr/share/man/man1/xzcat.1.gz --slave /usr/bin/lzmore lzmore /usr/bin/xzmore --slave /usr/share/man/man1/lzmore.1.gz lzmore.1.gz /usr/share/man/man1/xzmore.1.gz --slave /usr/bin/lzless lzless /usr/bin/xzless --slave /usr/share/man/man1/lzless.1.gz lzless.1.gz /usr/share/man/man1/xzless.1.gz --slave /usr/bin/lzdiff lzdiff /usr/bin/xzdiff --slave /usr/share/man/man1/lzdiff.1.gz lzdiff.1.gz /usr/share/man/man1/xzdiff.1.gz --slave /usr/bin/lzcmp lzcmp /usr/bin/xzcmp --slave /usr/share/man/man1/lzcmp.1.gz lzcmp.1.gz /usr/share/man/man1/xzcmp.1.gz --slave /usr/bin/lzgrep lzgrep /usr/bin/xzgrep --slave /usr/share/man/man1/lzgrep.1.gz lzgrep.1.gz /usr/share/man/man1/xzgrep.1.gz --slave /usr/bin/lzegrep lzegrep /usr/bin/xzegrep --slave /usr/share/man/man1/lzegrep.1.gz lzegrep.1.gz /usr/share/man/man1/xzegrep.1.gz --slave /usr/bin/lzfgrep lzfgrep /usr/bin/xzfgrep --slave /usr/share/man/man1/lzfgrep.1.gz lzfgrep.1.gz /usr/share/man/man1/xzfgrep.1.gz
update-alternatives 2017-07-18 22:49:24: link group lzma updated to point to /usr/bin/xz
update-alternatives 2017-07-18 22:49:24: run with --install /usr/bin/telnet telnet /usr/bin/telnet.netkit 100 --slave /usr/share/man/man1/telnet.1.gz telnet.1.gz /usr/share/man/man1/telnet.netkit.1.gz
update-alternatives 2017-07-18 22:49:24: link group telnet updated to point to /usr/bin/telnet.netkit
update-alternatives 2017-07-18 22:49:30: run with --install /usr/share/desktop-base/active-theme desktop-theme /usr/share/desktop-base/softwaves-theme 50
update-alternatives 2017-07-18 22:49:30: link group desktop-theme updated to point to /usr/share/desktop-base/softwaves-theme
update-alternatives 2017-07-18 22:49:30: run with --install /usr/share/desktop-base/active-theme desktop-theme /usr/share/desktop-base/lines-theme 40
update-alternatives 2017-07-18 22:49:30: run with --install /usr/share/desktop-base/active-theme desktop-theme /usr/share/desktop-base/joy-theme 30
update-alternatives 2017-07-18 22:49:30: run with --install /usr/share/desktop-base/active-theme desktop-theme /usr/share/desktop-base/joy-inksplat-theme 30
update-alternatives 2017-07-18 22:49:30: run with --install /usr/share/desktop-base/active-theme desktop-theme /usr/share/desktop-base/spacefun-theme 30
update-alternatives 2017-07-18 22:49:30: run with --install /usr/share/images/desktop-base/desktop-background desktop-background /usr/share/desktop-base/active-theme/wallpaper/contents/images/1920x1080.svg 70
update-alternatives 2017-07-18 22:49:30: link group desktop-background updated to point to /usr/share/desktop-base/active-theme/wallpaper/contents/images/1920x1080.svg
update-alternatives 2017-07-18 22:49:30: run with --install /usr/share/images/desktop-base/desktop-background desktop-background /usr/share/desktop-base/softwaves-theme/wallpaper/contents/images/1024x768.svg 65
update-alternatives 2017-07-18 22:49:30: run with --install /usr/share/images/desktop-base/desktop-background desktop-background /usr/share/desktop-base/softwaves-theme/wallpaper/contents/images/1280x720.svg 65
update-alternatives 2017-07-18 22:49:30: run with --install /usr/share/images/desktop-base/desktop-background desktop-background /usr/share/desktop-base/softwaves-theme/wallpaper/contents/images/1280x800.svg 65
update-alternatives 2017-07-18 22:49:30: run with --install /usr/share/images/desktop-base/desktop-background desktop-background /usr/share/desktop-base/softwaves-theme/wallpaper/contents/images/1280x1024.svg 65
update-alternatives 2017-07-18 22:49:30: run with --install /usr/share/images/desktop-base/desktop-background desktop-background /usr/share/desktop-base/softwaves-theme/wallpaper/contents/images/1600x1200.svg 65
update-alternatives 2017-07-18 22:49:30: run with --install /usr/share/images/desktop-base/desktop-background desktop-background /usr/share/desktop-base/softwaves-theme/wallpaper/contents/images/1920x1080.svg 65
update-alternatives 2017-07-18 22:49:30: run with --install /usr/share/images/desktop-base/desktop-background desktop-background /usr/share/desktop-base/softwaves-theme/wallpaper/contents/images/1920x1200.svg 65
update-alternatives 2017-07-18 22:49:30: run with --install /usr/share/images/desktop-base/desktop-background desktop-background /usr/share/desktop-base/softwaves-theme/wallpaper/contents/images/2560x1440.svg 65
update-alternatives 2017-07-18 22:49:30: run with --install /usr/share/images/desktop-base/desktop-background desktop-background /usr/share/desktop-base/softwaves-theme/wallpaper/contents/images/2560x1600.svg 65
update-alternatives 2017-07-18 22:49:30: run with --install /usr/share/images/desktop-base/desktop-background desktop-background /usr/share/desktop-base/lines-theme/wallpaper/contents/images/1280x1024.svg 60
update-alternatives 2017-07-18 22:49:30: run with --install /usr/share/images/desktop-base/desktop-background desktop-background /usr/share/desktop-base/lines-theme/wallpaper/contents/images/1600x1200.svg 60
update-alternatives 2017-07-18 22:49:30: run with --install /usr/share/images/desktop-base/desktop-background desktop-background /usr/share/desktop-base/lines-theme/wallpaper/contents/images/1920x1080.svg 60
update-alternatives 2017-07-18 22:49:30: run with --install /usr/share/images/desktop-base/desktop-background desktop-background /usr/share/desktop-base/lines-theme/wallpaper/contents/images/1920x1200.svg 60
update-alternatives 2017-07-18 22:49:30: run with --install /usr/share/images/desktop-base/desktop-background desktop-background /usr/share/desktop-base/lines-theme/wallpaper/contents/images/2560x1080.svg 60
update-alternatives 2017-07-18 22:49:30: run with --install /usr/share/images/desktop-base/desktop-background desktop-background /usr/share/desktop-base/joy-theme/wallpaper/contents/images/1280x720.svg 50
update-alternatives 2017-07-18 22:49:30: run with --install /usr/share/images/desktop-base/desktop-background desktop-background /usr/share/desktop-base/joy-theme/wallpaper/contents/images/1280x1024.svg 50
update-alternatives 2017-07-18 22:49:30: run with --install /usr/share/images/desktop-base/desktop-background desktop-background /usr/share/desktop-base/joy-theme/wallpaper/contents/images/1600x1200.svg 50
update-alternatives 2017-07-18 22:49:30: run with --install /usr/share/images/desktop-base/desktop-background desktop-background /usr/share/desktop-base/joy-theme/wallpaper/contents/images/1920x1080.svg 50
update-alternatives 2017-07-18 22:49:30: run with --install /usr/share/images/desktop-base/desktop-background desktop-background /usr/share/desktop-base/joy-theme/wallpaper/contents/images/1920x1200.svg 50
update-alternatives 2017-07-18 22:49:30: run with --install /usr/share/images/desktop-base/desktop-background desktop-background /usr/share/desktop-base/joy-inksplat-theme/wallpaper/contents/images/1280x720.svg 50
update-alternatives 2017-07-18 22:49:30: run with --install /usr/share/images/desktop-base/desktop-background desktop-background /usr/share/desktop-base/joy-inksplat-theme/wallpaper/contents/images/1280x1024.svg 50
update-alternatives 2017-07-18 22:49:30: run with --install /usr/share/images/desktop-base/desktop-background desktop-background /usr/share/desktop-base/joy-inksplat-theme/wallpaper/contents/images/1600x1200.svg 50
update-alternatives 2017-07-18 22:49:30: run with --install /usr/share/images/desktop-base/desktop-background desktop-background /usr/share/desktop-base/joy-inksplat-theme/wallpaper/contents/images/1920x1080.svg 50
update-alternatives 2017-07-18 22:49:30: run with --install /usr/share/images/desktop-base/desktop-background desktop-background /usr/share/desktop-base/joy-inksplat-theme/wallpaper/contents/images/1920x1200.svg 50
update-alternatives 2017-07-18 22:49:30: run with --install /usr/share/images/desktop-base/desktop-background desktop-background /usr/share/desktop-base/spacefun-theme/wallpaper/contents/images/1280x720.svg 50
update-alternatives 2017-07-18 22:49:30: run with --install /usr/share/images/desktop-base/desktop-background desktop-background /usr/share/desktop-base/spacefun-theme/wallpaper/contents/images/1280x1024.svg 50
update-alternatives 2017-07-18 22:49:30: run with --install /usr/share/images/desktop-base/desktop-background desktop-background /usr/share/desktop-base/spacefun-theme/wallpaper/contents/images/1920x1080.svg 50
update-alternatives 2017-07-18 22:49:31: run with --install /usr/share/images/desktop-base/desktop-background desktop-background /usr/share/desktop-base/spacefun-theme/wallpaper/contents/images/1920x1200.svg 50
update-alternatives 2017-07-18 22:49:31: run with --install /usr/share/images/desktop-base/desktop-background.xml desktop-background.xml /usr/share/desktop-base/active-theme/wallpaper/gnome-background.xml 50
update-alternatives 2017-07-18 22:49:31: link group desktop-background.xml updated to point to /usr/share/desktop-base/active-theme/wallpaper/gnome-background.xml
update-alternatives 2017-07-18 22:49:31: run with --install /usr/share/images/desktop-base/desktop-background.xml desktop-background.xml /usr/share/desktop-base/softwaves-theme/wallpaper/gnome-background.xml 40
update-alternatives 2017-07-18 22:49:31: run with --install /usr/share/images/desktop-base/desktop-background.xml desktop-background.xml /usr/share/desktop-base/lines-theme/wallpaper/gnome-background.xml 30
update-alternatives 2017-07-18 22:49:31: run with --install /usr/share/images/desktop-base/desktop-background.xml desktop-background.xml /usr/share/desktop-base/joy-theme/wallpaper/gnome-background.xml 20
update-alternatives 2017-07-18 22:49:31: run with --install /usr/share/images/desktop-base/desktop-background.xml desktop-background.xml /usr/share/desktop-base/joy-inksplat-theme/wallpaper/gnome-background.xml 20
update-alternatives 2017-07-18 22:49:31: run with --install /usr/share/images/desktop-base/desktop-background.xml desktop-background.xml /usr/share/desktop-base/spacefun-theme/wallpaper/gnome-background.xml 20
update-alternatives 2017-07-18 22:49:31: run with --install /usr/share/images/desktop-base/desktop-lockscreen.xml desktop-lockscreen.xml /usr/share/desktop-base/active-theme/lockscreen/gnome-background.xml 50
update-alternatives 2017-07-18 22:49:31: link group desktop-lockscreen.xml updated to point to /usr/share/desktop-base/active-theme/lockscreen/gnome-background.xml
update-alternatives 2017-07-18 22:49:31: run with --install /usr/share/images/desktop-base/desktop-lockscreen.xml desktop-lockscreen.xml /usr/share/desktop-base/softwaves-theme/lockscreen/gnome-background.xml 40
update-alternatives 2017-07-18 22:49:31: run with --install /usr/share/images/desktop-base/desktop-lockscreen.xml desktop-lockscreen.xml /usr/share/desktop-base/lines-theme/lockscreen/gnome-background.xml 30
update-alternatives 2017-07-18 22:49:31: run with --install /usr/share/images/desktop-base/desktop-lockscreen.xml desktop-lockscreen.xml /usr/share/desktop-base/joy-theme/lockscreen/gnome-background.xml 20
update-alternatives 2017-07-18 22:49:31: run with --install /usr/share/images/desktop-base/desktop-lockscreen.xml desktop-lockscreen.xml /usr/share/desktop-base/spacefun-theme/lockscreen/gnome-background.xml 20
update-alternatives 2017-07-18 22:49:31: run with --install /usr/share/wallpapers/DebianTheme desktop-plasma5-wallpaper /usr/share/desktop-base/active-theme/wallpaper 50
update-alternatives 2017-07-18 22:49:31: link group desktop-plasma5-wallpaper updated to point to /usr/share/desktop-base/active-theme/wallpaper
update-alternatives 2017-07-18 22:49:31: run with --install /usr/share/wallpapers/DebianTheme desktop-plasma5-wallpaper /usr/share/desktop-base/softwaves-theme/wallpaper 40
update-alternatives 2017-07-18 22:49:31: run with --install /usr/share/wallpapers/DebianTheme desktop-plasma5-wallpaper /usr/share/desktop-base/lines-theme/wallpaper 30
update-alternatives 2017-07-18 22:49:31: run with --install /usr/share/wallpapers/DebianTheme desktop-plasma5-wallpaper /usr/share/desktop-base/joy-theme/wallpaper 20
update-alternatives 2017-07-18 22:49:31: run with --install /usr/share/wallpapers/DebianTheme desktop-plasma5-wallpaper /usr/share/desktop-base/joy-inksplat-theme/wallpaper 20
update-alternatives 2017-07-18 22:49:31: run with --install /usr/share/wallpapers/DebianTheme desktop-plasma5-wallpaper /usr/share/desktop-base/spacefun-theme/wallpaper 20
update-alternatives 2017-07-18 22:49:31: run with --install /usr/share/images/desktop-base/login-background.svg desktop-login-background /usr/share/desktop-base/active-theme/login/background.svg 50
update-alternatives 2017-07-18 22:49:31: link group desktop-login-background updated to point to /usr/share/desktop-base/active-theme/login/background.svg
update-alternatives 2017-07-18 22:49:31: run with --install /usr/share/images/desktop-base/login-background.svg desktop-login-background /usr/share/desktop-base/softwaves-theme/login/background.svg 40
update-alternatives 2017-07-18 22:49:31: run with --install /usr/share/images/desktop-base/login-background.svg desktop-login-background /usr/share/desktop-base/lines-theme/login/background.svg 30
update-alternatives 2017-07-18 22:49:31: run with --install /usr/share/images/desktop-base/login-background.svg desktop-login-background /usr/share/desktop-base/lines-theme/login/background-nologo.svg 30
update-alternatives 2017-07-18 22:49:33: run with --install /usr/share/images/desktop-base/login-background.svg desktop-login-background /usr/share/desktop-base/joy-theme/login/background.svg 20
update-alternatives 2017-07-18 22:49:33: run with --install /usr/share/images/desktop-base/login-background.svg desktop-login-background /usr/share/desktop-base/spacefun-theme/login/background.svg 20
update-alternatives 2017-07-18 22:49:33: run with --install /usr/share/images/desktop-base/desktop-grub.png desktop-grub /usr/share/desktop-base/active-theme/grub/grub-4x3.png 50 --slave /usr/share/desktop-base/grub_background.sh desktop-grub.sh /usr/share/desktop-base/active-theme/grub/grub_background.sh
update-alternatives 2017-07-18 22:49:33: link group desktop-grub updated to point to /usr/share/desktop-base/active-theme/grub/grub-4x3.png
update-alternatives 2017-07-18 22:49:33: run with --install /usr/share/images/desktop-base/desktop-grub.png desktop-grub /usr/share/desktop-base/active-theme/grub/grub-16x9.png 45 --slave /usr/share/desktop-base/grub_background.sh desktop-grub.sh /usr/share/desktop-base/active-theme/grub/grub_background.sh
update-alternatives 2017-07-18 22:49:33: run with --install /usr/share/images/desktop-base/desktop-grub.png desktop-grub /usr/share/desktop-base/softwaves-theme/grub/grub-4x3.png 40 --slave /usr/share/desktop-base/grub_background.sh desktop-grub.sh /usr/share/desktop-base/softwaves-theme/grub/grub_background.sh
update-alternatives 2017-07-18 22:49:33: run with --install /usr/share/images/desktop-base/desktop-grub.png desktop-grub /usr/share/desktop-base/softwaves-theme/grub/grub-16x9.png 40 --slave /usr/share/desktop-base/grub_background.sh desktop-grub.sh /usr/share/desktop-base/softwaves-theme/grub/grub_background.sh
update-alternatives 2017-07-18 22:49:33: run with --install /usr/share/images/desktop-base/desktop-grub.png desktop-grub /usr/share/desktop-base/lines-theme/grub/grub-4x3.png 30 --slave /usr/share/desktop-base/grub_background.sh desktop-grub.sh /usr/share/desktop-base/lines-theme/grub/grub_background.sh
update-alternatives 2017-07-18 22:49:33: run with --install /usr/share/images/desktop-base/desktop-grub.png desktop-grub /usr/share/desktop-base/lines-theme/grub/grub-16x9.png 30 --slave /usr/share/desktop-base/grub_background.sh desktop-grub.sh /usr/share/desktop-base/lines-theme/grub/grub_background.sh
update-alternatives 2017-07-18 22:49:33: run with --install /usr/share/images/desktop-base/desktop-grub.png desktop-grub /usr/share/desktop-base/joy-theme/grub/grub-4x3.png 30 --slave /usr/share/desktop-base/grub_background.sh desktop-grub.sh /usr/share/desktop-base/joy-theme/grub/grub_background.sh
update-alternatives 2017-07-18 22:49:33: run with --install /usr/share/images/desktop-base/desktop-grub.png desktop-grub /usr/share/desktop-base/joy-theme/grub/grub-16x9.png 30 --slave /usr/share/desktop-base/grub_background.sh desktop-grub.sh /usr/share/desktop-base/joy-theme/grub/grub_background.sh
update-alternatives 2017-07-18 22:49:33: run with --install /usr/share/images/desktop-base/desktop-grub.png desktop-grub /usr/share/desktop-base/spacefun-theme/grub/grub-4x3.png 30 --slave /usr/share/desktop-base/grub_background.sh desktop-grub.sh /usr/share/desktop-base/spacefun-theme/grub/grub_background.sh
update-alternatives 2017-07-18 22:49:33: run with --install /usr/share/images/desktop-base/desktop-grub.png desktop-grub /usr/share/desktop-base/spacefun-theme/grub/grub-16x9.png 30 --slave /usr/share/desktop-base/grub_background.sh desktop-grub.sh /usr/share/desktop-base/spacefun-theme/grub/grub_background.sh
update-alternatives 2017-07-18 22:51:15: run with --quiet --install /usr/bin/rsh rsh /usr/bin/ssh 20 --slave /usr/share/man/man1/rsh.1.gz rsh.1.gz /usr/share/man/man1/ssh.1.gz
update-alternatives 2017-07-18 22:51:15: link group rsh updated to point to /usr/bin/ssh
update-alternatives 2017-07-18 22:51:15: run with --quiet --install /usr/bin/rlogin rlogin /usr/bin/slogin 20 --slave /usr/share/man/man1/rlogin.1.gz rlogin.1.gz /usr/share/man/man1/slogin.1.gz
update-alternatives 2017-07-18 22:51:15: link group rlogin updated to point to /usr/bin/slogin
update-alternatives 2017-07-18 22:51:15: run with --quiet --install /usr/bin/rcp rcp /usr/bin/scp 20 --slave /usr/share/man/man1/rcp.1.gz rcp.1.gz /usr/share/man/man1/scp.1.gz
update-alternatives 2017-07-18 22:51:15: link group rcp updated to point to /usr/bin/scp
update-alternatives 2017-07-18 22:51:25: run with --install /usr/bin/traceroute traceroute /usr/bin/traceroute.db 100 --slave /usr/sbin/traceroute traceroute.sbin /usr/bin/traceroute.db --slave /usr/share/man/man1/traceroute.1.gz traceroute.1.gz /usr/share/man/man1/traceroute.db.1.gz
update-alternatives 2017-07-18 22:51:25: link group traceroute updated to point to /usr/bin/traceroute.db
update-alternatives 2017-07-18 22:51:25: run with --install /usr/bin/traceroute6 traceroute6 /usr/bin/traceroute6.db 100 --slave /usr/share/man/man1/traceroute6.1.gz traceroute6.1.gz /usr/share/man/man1/traceroute6.db.1.gz
update-alternatives 2017-07-18 22:51:25: link group traceroute6 updated to point to /usr/bin/traceroute6.db
update-alternatives 2017-07-18 22:51:25: run with --install /usr/bin/lft lft /usr/bin/lft.db 100 --slave /usr/share/man/man1/lft.1.gz lft.1.gz /usr/share/man/man1/lft.db.1.gz
update-alternatives 2017-07-18 22:51:25: link group lft updated to point to /usr/bin/lft.db
update-alternatives 2017-07-18 22:51:25: run with --install /usr/bin/traceproto traceproto /usr/bin/traceproto.db 100 --slave /usr/share/man/man1/traceproto.1.gz traceproto.1.gz /usr/share/man/man1/traceproto.db.1.gz
update-alternatives 2017-07-18 22:51:25: link group traceproto updated to point to /usr/bin/traceproto.db
update-alternatives 2017-07-18 22:51:25: run with --install /usr/sbin/tcptraceroute tcptraceroute /usr/sbin/tcptraceroute.db 100 --slave /usr/share/man/man8/tcptraceroute.8.gz tcptraceroute.8.gz /usr/share/man/man8/tcptraceroute.db.8.gz
update-alternatives 2017-07-18 22:51:25: link group tcptraceroute updated to point to /usr/sbin/tcptraceroute.db
update-alternatives 2017-07-18 22:51:40: run with --quiet --install /lib/cpp cpp /usr/bin/cpp 10
update-alternatives 2017-07-18 22:51:40: link group cpp updated to point to /usr/bin/cpp
update-alternatives 2017-07-18 22:51:44: run with --install /usr/bin/javaws javaws /usr/lib/jvm/java-8-openjdk-i386/jre/bin/javaws 1081 --slave /usr/share/man/man1/javaws.1.gz javaws.1.gz /usr/lib/jvm/java-8-openjdk-i386/jre/man/man1/javaws.1.gz
update-alternatives 2017-07-18 22:51:44: link group javaws updated to point to /usr/lib/jvm/java-8-openjdk-i386/jre/bin/javaws
update-alternatives 2017-07-18 22:51:44: run with --set javaws /usr/lib/jvm/java-8-openjdk-i386/jre/bin/javaws
update-alternatives 2017-07-18 22:51:44: status of link group /usr/bin/javaws set to manual
update-alternatives 2017-07-18 22:51:44: run with --install /usr/bin/itweb-settings itweb-settings /usr/lib/jvm/java-8-openjdk-i386/jre/bin/itweb-settings 1081 --slave /usr/share/man/man1/itweb-settings.1.gz itweb-settings.1.gz /usr/lib/jvm/java-8-openjdk-i386/jre/man/man1/itweb-settings.1.gz
update-alternatives 2017-07-18 22:51:44: link group itweb-settings updated to point to /usr/lib/jvm/java-8-openjdk-i386/jre/bin/itweb-settings
update-alternatives 2017-07-18 22:51:44: run with --set itweb-settings /usr/lib/jvm/java-8-openjdk-i386/jre/bin/itweb-settings
update-alternatives 2017-07-18 22:51:44: status of link group /usr/bin/itweb-settings set to manual
update-alternatives 2017-07-18 22:51:44: run with --install /usr/bin/policyeditor policyeditor /usr/lib/jvm/java-8-openjdk-i386/jre/bin/policyeditor 1081 --slave /usr/share/man/man1/policyeditor.1.gz policyeditor.1.gz /usr/lib/jvm/java-8-openjdk-i386/jre/man/man1/policyeditor.1.gz
update-alternatives 2017-07-18 22:51:44: link group policyeditor updated to point to /usr/lib/jvm/java-8-openjdk-i386/jre/bin/policyeditor
update-alternatives 2017-07-18 22:51:44: run with --set policyeditor /usr/lib/jvm/java-8-openjdk-i386/jre/bin/policyeditor
update-alternatives 2017-07-18 22:51:44: status of link group /usr/bin/policyeditor set to manual
update-alternatives 2017-07-18 22:52:01: run with --quiet --install /usr/lib/mozilla/plugins/libjavaplugin.so mozilla-javaplugin.so /usr/lib/jvm/java-8-openjdk-i386/jre/lib/i386/IcedTeaPlugin.so 1081
update-alternatives 2017-07-18 22:52:01: link group mozilla-javaplugin.so updated to point to /usr/lib/jvm/java-8-openjdk-i386/jre/lib/i386/IcedTeaPlugin.so
update-alternatives 2017-07-18 22:52:11: run with --install /usr/bin/rename rename /usr/bin/file-rename 70 --slave /usr/share/man/man1/rename.1.gz rename.1.gz /usr/share/man/man1/file-rename.1p.gz
update-alternatives 2017-07-18 22:52:11: link group rename updated to point to /usr/bin/file-rename
update-alternatives 2017-07-18 22:52:13: run with --install /usr/lib/liblapack.so.3 liblapack.so.3 /usr/lib/lapack/liblapack.so.3 10
update-alternatives 2017-07-18 22:52:13: link group liblapack.so.3 updated to point to /usr/lib/lapack/liblapack.so.3
update-alternatives 2017-07-18 22:52:28: run with --install /usr/bin/x-terminal-emulator x-terminal-emulator /usr/bin/xterm 20 --slave /usr/share/man/man1/x-terminal-emulator.1.gz x-terminal-emulator.1.gz /usr/share/man/man1/xterm.1.gz
update-alternatives 2017-07-18 22:52:28: link group x-terminal-emulator updated to point to /usr/bin/xterm
update-alternatives 2017-07-18 22:52:28: run with --install /usr/bin/x-terminal-emulator x-terminal-emulator /usr/bin/uxterm 20 --slave /usr/share/man/man1/x-terminal-emulator.1.gz x-terminal-emulator.1.gz /usr/share/man/man1/uxterm.1.gz
update-alternatives 2017-07-18 22:52:28: run with --install /usr/bin/x-terminal-emulator x-terminal-emulator /usr/bin/koi8rxterm 20 --slave /usr/share/man/man1/x-terminal-emulator.1.gz x-terminal-emulator.1.gz /usr/share/man/man1/koi8rxterm.1.gz
update-alternatives 2017-07-18 22:52:28: run with --install /usr/bin/x-terminal-emulator x-terminal-emulator /usr/bin/lxterm 30 --slave /usr/share/man/man1/x-terminal-emulator.1.gz x-terminal-emulator.1.gz /usr/share/man/man1/lxterm.1.gz
update-alternatives 2017-07-18 22:52:28: link group x-terminal-emulator updated to point to /usr/bin/lxterm
update-alternatives 2017-07-18 22:52:30: run with --install /usr/bin/x-terminal-emulator x-terminal-emulator /usr/bin/gnome-terminal.wrapper 40 --slave /usr/share/man/man1/x-terminal-emulator.1.gz x-terminal-emulator.1.gz /usr/share/man/man1/gnome-terminal.1.gz
update-alternatives 2017-07-18 22:52:30: link group x-terminal-emulator updated to point to /usr/bin/gnome-terminal.wrapper
update-alternatives 2017-07-18 22:52:33: run with --quiet --install /usr/bin/bogofilter bogofilter /usr/bin/bogofilter-bdb 20 --slave /usr/bin/bogoupgrade bogoupgrade /usr/bin/bogoupgrade-bdb --slave /usr/bin/bogotune bogotune /usr/bin/bogotune-bdb --slave /usr/bin/bf_copy bf_copy /usr/bin/bf_copy-bdb --slave /usr/bin/bogolexer bogolexer /usr/bin/bogolexer-bdb --slave /usr/bin/bogoutil bogoutil /usr/bin/bogoutil-bdb --slave /usr/bin/bf_compact bf_compact /usr/bin/bf_compact-bdb --slave /usr/bin/bf_tar bf_tar /usr/bin/bf_tar-bdb
update-alternatives 2017-07-18 22:52:33: link group bogofilter updated to point to /usr/bin/bogofilter-bdb
update-alternatives 2017-07-18 22:52:51: run with --install /usr/bin/x-www-browser x-www-browser /usr/bin/firefox-esr 70 --slave /usr/share/man/man1/x-www-browser.1.gz x-www-browser.1.gz /usr/share/man/man1/firefox-esr.1.gz
update-alternatives 2017-07-18 22:52:51: link group x-www-browser updated to point to /usr/bin/firefox-esr
update-alternatives 2017-07-18 22:52:51: run with --install /usr/bin/gnome-www-browser gnome-www-browser /usr/bin/firefox-esr 70 --slave /usr/share/man/man1/gnome-www-browser.1.gz gnome-www-browser.1.gz /usr/share/man/man1/firefox-esr.1.gz
update-alternatives 2017-07-18 22:52:51: link group gnome-www-browser updated to point to /usr/bin/firefox-esr
update-alternatives 2017-07-18 22:55:48: run with --install /usr/bin/compare compare /usr/bin/compare-im6.q16 10000 --slave /usr/share/man/man1/compare.1.gz compare.1.gz /usr/share/man/man1/compare-im6.q16.1.gz
update-alternatives 2017-07-18 22:55:48: link group compare updated to point to /usr/bin/compare-im6.q16
update-alternatives 2017-07-18 22:55:48: run with --install /usr/bin/compare-im6 compare-im6 /usr/bin/compare-im6.q16 10000 --slave /usr/share/man/man1/compare-im6.1.gz compare-im6.1.gz /usr/share/man/man1/compare-im6.q16.1.gz
update-alternatives 2017-07-18 22:55:48: link group compare-im6 updated to point to /usr/bin/compare-im6.q16
update-alternatives 2017-07-18 22:55:48: run with --install /usr/bin/animate animate /usr/bin/animate-im6.q16 10000 --slave /usr/share/man/man1/animate.1.gz animate.1.gz /usr/share/man/man1/animate-im6.q16.1.gz
update-alternatives 2017-07-18 22:55:48: link group animate updated to point to /usr/bin/animate-im6.q16
update-alternatives 2017-07-18 22:55:48: run with --install /usr/bin/animate-im6 animate-im6 /usr/bin/animate-im6.q16 10000 --slave /usr/share/man/man1/animate-im6.1.gz animate-im6.1.gz /usr/share/man/man1/animate-im6.q16.1.gz
update-alternatives 2017-07-18 22:55:48: link group animate-im6 updated to point to /usr/bin/animate-im6.q16
update-alternatives 2017-07-18 22:55:48: run with --install /usr/bin/convert convert /usr/bin/convert-im6.q16 10000 --slave /usr/share/man/man1/convert.1.gz convert.1.gz /usr/share/man/man1/convert-im6.q16.1.gz
update-alternatives 2017-07-18 22:55:48: link group convert updated to point to /usr/bin/convert-im6.q16
update-alternatives 2017-07-18 22:55:50: run with --install /usr/bin/convert-im6 convert-im6 /usr/bin/convert-im6.q16 10000 --slave /usr/share/man/man1/convert-im6.1.gz convert-im6.1.gz /usr/share/man/man1/convert-im6.q16.1.gz
update-alternatives 2017-07-18 22:55:50: link group convert-im6 updated to point to /usr/bin/convert-im6.q16
update-alternatives 2017-07-18 22:55:50: run with --install /usr/bin/composite composite /usr/bin/composite-im6.q16 10000 --slave /usr/share/man/man1/composite.1.gz composite.1.gz /usr/share/man/man1/composite-im6.q16.1.gz
update-alternatives 2017-07-18 22:55:50: link group composite updated to point to /usr/bin/composite-im6.q16
update-alternatives 2017-07-18 22:55:50: run with --install /usr/bin/composite-im6 composite-im6 /usr/bin/composite-im6.q16 10000 --slave /usr/share/man/man1/composite-im6.1.gz composite-im6.1.gz /usr/share/man/man1/composite-im6.q16.1.gz
update-alternatives 2017-07-18 22:55:50: link group composite-im6 updated to point to /usr/bin/composite-im6.q16
update-alternatives 2017-07-18 22:55:50: run with --install /usr/bin/conjure conjure /usr/bin/conjure-im6.q16 10000 --slave /usr/share/man/man1/conjure.1.gz conjure.1.gz /usr/share/man/man1/conjure-im6.q16.1.gz
update-alternatives 2017-07-18 22:55:50: link group conjure updated to point to /usr/bin/conjure-im6.q16
update-alternatives 2017-07-18 22:55:50: run with --install /usr/bin/conjure-im6 conjure-im6 /usr/bin/conjure-im6.q16 10000 --slave /usr/share/man/man1/conjure-im6.1.gz conjure-im6.1.gz /usr/share/man/man1/conjure-im6.q16.1.gz
update-alternatives 2017-07-18 22:55:50: link group conjure-im6 updated to point to /usr/bin/conjure-im6.q16
update-alternatives 2017-07-18 22:55:50: run with --install /usr/bin/import import /usr/bin/import-im6.q16 10000 --slave /usr/share/man/man1/import.1.gz import.1.gz /usr/share/man/man1/import-im6.q16.1.gz
update-alternatives 2017-07-18 22:55:50: link group import updated to point to /usr/bin/import-im6.q16
update-alternatives 2017-07-18 22:55:50: run with --install /usr/bin/import-im6 import-im6 /usr/bin/import-im6.q16 10000 --slave /usr/share/man/man1/import-im6.1.gz import-im6.1.gz /usr/share/man/man1/import-im6.q16.1.gz
update-alternatives 2017-07-18 22:55:50: link group import-im6 updated to point to /usr/bin/import-im6.q16
update-alternatives 2017-07-18 22:55:50: run with --install /usr/bin/identify identify /usr/bin/identify-im6.q16 10000 --slave /usr/share/man/man1/identify.1.gz identify.1.gz /usr/share/man/man1/identify-im6.q16.1.gz
update-alternatives 2017-07-18 22:55:50: link group identify updated to point to /usr/bin/identify-im6.q16
update-alternatives 2017-07-18 22:55:50: run with --install /usr/bin/identify-im6 identify-im6 /usr/bin/identify-im6.q16 10000 --slave /usr/share/man/man1/identify-im6.1.gz identify-im6.1.gz /usr/share/man/man1/identify-im6.q16.1.gz
update-alternatives 2017-07-18 22:55:50: link group identify-im6 updated to point to /usr/bin/identify-im6.q16
update-alternatives 2017-07-18 22:55:50: run with --install /usr/bin/stream stream /usr/bin/stream-im6.q16 10000 --slave /usr/share/man/man1/stream.1.gz stream.1.gz /usr/share/man/man1/stream-im6.q16.1.gz
update-alternatives 2017-07-18 22:55:50: link group stream updated to point to /usr/bin/stream-im6.q16
update-alternatives 2017-07-18 22:55:51: run with --install /usr/bin/stream-im6 stream-im6 /usr/bin/stream-im6.q16 10000 --slave /usr/share/man/man1/stream-im6.1.gz stream-im6.1.gz /usr/share/man/man1/stream-im6.q16.1.gz
update-alternatives 2017-07-18 22:55:51: link group stream-im6 updated to point to /usr/bin/stream-im6.q16
update-alternatives 2017-07-18 22:55:51: run with --install /usr/bin/display display /usr/bin/display-im6.q16 10000 --slave /usr/share/man/man1/display.1.gz display.1.gz /usr/share/man/man1/display-im6.q16.1.gz
update-alternatives 2017-07-18 22:55:51: link group display updated to point to /usr/bin/display-im6.q16
update-alternatives 2017-07-18 22:55:51: run with --install /usr/bin/display-im6 display-im6 /usr/bin/display-im6.q16 10000 --slave /usr/share/man/man1/display-im6.1.gz display-im6.1.gz /usr/share/man/man1/display-im6.q16.1.gz
update-alternatives 2017-07-18 22:55:51: link group display-im6 updated to point to /usr/bin/display-im6.q16
update-alternatives 2017-07-18 22:55:51: run with --install /usr/bin/montage montage /usr/bin/montage-im6.q16 10000 --slave /usr/share/man/man1/montage.1.gz montage.1.gz /usr/share/man/man1/montage-im6.q16.1.gz
update-alternatives 2017-07-18 22:55:51: link group montage updated to point to /usr/bin/montage-im6.q16
update-alternatives 2017-07-18 22:55:52: run with --install /usr/bin/montage-im6 montage-im6 /usr/bin/montage-im6.q16 10000 --slave /usr/share/man/man1/montage-im6.1.gz montage-im6.1.gz /usr/share/man/man1/montage-im6.q16.1.gz
update-alternatives 2017-07-18 22:55:52: link group montage-im6 updated to point to /usr/bin/montage-im6.q16
update-alternatives 2017-07-18 22:55:52: run with --install /usr/bin/mogrify mogrify /usr/bin/mogrify-im6.q16 10000 --slave /usr/share/man/man1/mogrify.1.gz mogrify.1.gz /usr/share/man/man1/mogrify-im6.q16.1.gz
update-alternatives 2017-07-18 22:55:52: link group mogrify updated to point to /usr/bin/mogrify-im6.q16
update-alternatives 2017-07-18 22:55:52: run with --install /usr/bin/mogrify-im6 mogrify-im6 /usr/bin/mogrify-im6.q16 10000 --slave /usr/share/man/man1/mogrify-im6.1.gz mogrify-im6.1.gz /usr/share/man/man1/mogrify-im6.q16.1.gz
update-alternatives 2017-07-18 22:55:52: link group mogrify-im6 updated to point to /usr/bin/mogrify-im6.q16
update-alternatives 2017-07-18 22:55:53: run with --install /usr/bin/frm frm /usr/bin/frm.mailutils 20 --slave /usr/share/man/man1/frm.1.gz frm.1.gz /usr/share/man/man1/frm.mailutils.1.gz
update-alternatives 2017-07-18 22:55:53: link group frm updated to point to /usr/bin/frm.mailutils
update-alternatives 2017-07-18 22:55:53: run with --install /usr/bin/from from /usr/bin/from.mailutils 20 --slave /usr/share/man/man1/from.1.gz from.1.gz /usr/share/man/man1/from.mailutils.1.gz
update-alternatives 2017-07-18 22:55:53: link group from updated to point to /usr/bin/from.mailutils
update-alternatives 2017-07-18 22:55:53: run with --install /usr/bin/messages messages /usr/bin/messages.mailutils 20 --slave /usr/share/man/man1/messages.1.gz messages.1.gz /usr/share/man/man1/messages.mailutils.1.gz
update-alternatives 2017-07-18 22:55:53: link group messages updated to point to /usr/bin/messages.mailutils
update-alternatives 2017-07-18 22:55:53: run with --install /usr/bin/movemail movemail /usr/bin/movemail.mailutils 20 --slave /usr/share/man/man1/movemail.1.gz movemail.1.gz /usr/share/man/man1/movemail.mailutils.1.gz
update-alternatives 2017-07-18 22:55:53: link group movemail updated to point to /usr/bin/movemail.mailutils
update-alternatives 2017-07-18 22:55:53: run with --install /usr/bin/readmsg readmsg /usr/bin/readmsg.mailutils 20 --slave /usr/share/man/man1/readmsg.1.gz readmsg.1.gz /usr/share/man/man1/readmsg.mailutils.1.gz
update-alternatives 2017-07-18 22:55:53: link group readmsg updated to point to /usr/bin/readmsg.mailutils
update-alternatives 2017-07-18 22:55:53: run with --install /usr/bin/dotlock dotlock /usr/bin/dotlock.mailutils 4 --slave /usr/share/man/man1/dotlock.1.gz dotlock.1.gz /usr/share/man/man1/dotlock.mailutils.1.gz
update-alternatives 2017-07-18 22:55:53: link group dotlock updated to point to /usr/bin/dotlock.mailutils
update-alternatives 2017-07-18 22:55:53: run with --install /usr/bin/mailx mailx /usr/bin/mail.mailutils 30 --slave /usr/share/man/man1/mailx.1.gz mailx.1.gz /usr/share/man/man1/mail.mailutils.1.gz --slave /usr/bin/mail mail /usr/bin/mail.mailutils --slave /usr/share/man/man1/mail.1.gz mail.1.gz /usr/share/man/man1/mail.mailutils.1.gz
update-alternatives 2017-07-18 22:55:53: link group mailx updated to point to /usr/bin/mail.mailutils
update-alternatives 2017-07-18 22:56:16: run with --quiet --install /usr/bin/pinentry pinentry /usr/bin/pinentry-gnome3 90 --slave /usr/share/man/man1/pinentry.1.gz pinentry.1.gz /usr/share/man/man1/pinentry-gnome3.1.gz
update-alternatives 2017-07-18 22:56:16: link group pinentry updated to point to /usr/bin/pinentry-gnome3
update-alternatives 2017-07-18 22:56:16: run with --quiet --install /usr/bin/pinentry-x11 pinentry-x11 /usr/bin/pinentry-gnome3 90 --slave /usr/share/man/man1/pinentry-x11.1.gz pinentry-x11.1.gz /usr/share/man/man1/pinentry-gnome3.1.gz
update-alternatives 2017-07-18 22:56:16: link group pinentry-x11 updated to point to /usr/bin/pinentry-gnome3
update-alternatives 2017-07-18 22:58:05: run with --install /usr/bin/x-window-manager x-window-manager /usr/bin/mutter 60 --slave /usr/share/man/man1/x-window-manager.1.gz x-window-manager.1.gz /usr/share/man/man1/mutter.1.gz
update-alternatives 2017-07-18 22:58:05: link group x-window-manager updated to point to /usr/bin/mutter
update-alternatives 2017-07-18 23:00:56: run with --quiet --install /usr/bin/odt2txt odt2txt /usr/bin/odt2txt.unoconv 100 --slave /usr/share/man/man1/odt2txt.1.gz odt2txt.1.gz /usr/share/man/man1/odt2txt.unoconv.1.gz
update-alternatives 2017-07-18 23:00:56: link group odt2txt updated to point to /usr/bin/odt2txt.unoconv
update-alternatives 2017-07-18 23:02:39: run with --install /usr/bin/gnome-text-editor gnome-text-editor /usr/bin/gedit 50 --slave /usr/share/man/man1/gnome-text-editor.1.gz gnome-text-editor.1.gz /usr/share/man/man1/gedit.1.gz
update-alternatives 2017-07-18 23:02:39: link group gnome-text-editor updated to point to /usr/bin/gedit
update-alternatives 2017-07-18 23:03:39: run with --install /usr/bin/x-session-manager x-session-manager /usr/bin/gnome-session 50 --slave /usr/share/man/man1/x-session-manager.1.gz x-session-manager.1.gz /usr/share/man/man1/gnome-session.1.gz
update-alternatives 2017-07-18 23:03:39: link group x-session-manager updated to point to /usr/bin/gnome-session
