Jul 19 20:21:33 priya systemd-logind[268]: Watching system buttons on /dev/input/event4 (Power Button)
Jul 19 20:21:33 priya systemd-logind[268]: Watching system buttons on /dev/input/event5 (Video Bus)
Jul 19 20:21:33 priya systemd-logind[268]: Watching system buttons on /dev/input/event3 (Power Button)
Jul 19 20:21:33 priya systemd-logind[268]: New seat seat0.
Jul 19 20:21:33 priya systemd-logind[268]: Watching system buttons on /dev/input/event4 (Power Button)
Jul 19 20:21:33 priya systemd-logind[268]: Watching system buttons on /dev/input/event3 (Power Button)
Jul 19 20:21:33 priya systemd-logind[268]: Watching system buttons on /dev/input/event5 (Video Bus)
Jul 19 20:21:34 priya sshd[383]: Server listening on 0.0.0.0 port 22.
Jul 19 20:21:34 priya sshd[383]: Server listening on :: port 22.
Jul 19 20:21:34 priya gdm-launch-environment]: pam_unix(gdm-launch-environment:session): session opened for user Debian-gdm by (uid=0)
Jul 19 20:21:34 priya systemd-logind[268]: New session c1 of user Debian-gdm.
Jul 19 20:21:34 priya systemd: pam_unix(systemd-user:session): session opened for user Debian-gdm by (uid=0)
Jul 19 20:21:36 priya gdm-launch-environment]: pam_unix(gdm-launch-environment:session): session closed for user Debian-gdm
Jul 19 20:21:36 priya systemd-logind[268]: Removed session c1.
Jul 19 20:21:36 priya systemd: pam_unix(systemd-user:session): session closed for user Debian-gdm
Jul 19 20:21:36 priya gdm-launch-environment]: pam_unix(gdm-launch-environment:session): session opened for user Debian-gdm by (uid=0)
Jul 19 20:21:36 priya systemd-logind[268]: New session c2 of user Debian-gdm.
Jul 19 20:21:36 priya systemd: pam_unix(systemd-user:session): session opened for user Debian-gdm by (uid=0)
Jul 19 20:21:37 priya sshd[383]: Received SIGHUP; restarting.
Jul 19 20:21:37 priya sshd[383]: Server listening on 0.0.0.0 port 22.
Jul 19 20:21:37 priya sshd[383]: Server listening on :: port 22.
Jul 19 20:21:37 priya sshd[383]: Received SIGHUP; restarting.
Jul 19 20:21:37 priya sshd[383]: Server listening on 0.0.0.0 port 22.
Jul 19 20:21:37 priya sshd[383]: Server listening on :: port 22.
Jul 19 20:21:44 priya polkitd(authority=local): Registered Authentication Agent for unix-session:c2 (system bus name :1.28 [/usr/bin/gnome-shell], object path /org/freedesktop/PolicyKit1/AuthenticationAgent, locale en_US.UTF-8)
Jul 19 20:21:45 priya realmd[883]: Loaded settings from: /usr/lib/realmd/realmd-defaults.conf /usr/lib/realmd/realmd-distro.conf
Jul 19 20:21:45 priya realmd[883]: holding daemon: startup
Jul 19 20:21:45 priya realmd[883]: starting service
Jul 19 20:21:45 priya realmd[883]: connected to bus
Jul 19 20:21:45 priya realmd[883]: released daemon: startup
Jul 19 20:21:45 priya realmd[883]: claimed name on bus: org.freedesktop.realmd
Jul 19 20:21:53 priya gdm-password]: pam_unix(gdm-password:session): session opened for user system by (uid=0)
Jul 19 20:21:53 priya systemd: pam_unix(systemd-user:session): session opened for user system by (uid=0)
Jul 19 20:21:53 priya systemd-logind[268]: New session 3 of user system.
Jul 19 20:22:04 priya dbus[274]: [system] Failed to activate service 'org.bluez': timed out
Jul 19 20:22:08 priya polkitd(authority=local): Registered Authentication Agent for unix-session:3 (system bus name :1.71 [/usr/bin/gnome-shell], object path /org/freedesktop/PolicyKit1/AuthenticationAgent, locale en_US.UTF-8)
Jul 19 20:22:32 priya dbus[274]: [system] Failed to activate service 'org.bluez': timed out
Jul 19 20:22:45 priya realmd[883]: quitting realmd service after timeout
Jul 19 20:22:45 priya realmd[883]: stopping service
Jul 19 20:23:01 priya su[1461]: Successful su for root by system
Jul 19 20:23:01 priya su[1461]: + /dev/pts/0 system:root
Jul 19 20:23:01 priya su[1461]: pam_unix(su:session): session opened for user root by (uid=1000)
Jul 19 20:23:01 priya su[1461]: pam_systemd(su:session): Cannot create session: Already occupied by a session
Jul 19 21:17:01 priya CRON[2734]: pam_unix(cron:session): session opened for user root by (uid=0)
Jul 19 21:17:02 priya CRON[2734]: pam_unix(cron:session): session closed for user root
