Jul 19 20:21:33 priya systemd-modules-load[185]: Inserted module 'lp'
Jul 19 20:21:33 priya systemd-modules-load[185]: Inserted module 'ppdev'
Jul 19 20:21:33 priya systemd[1]: Started Create Static Device Nodes in /dev.
Jul 19 20:21:33 priya systemd[1]: Starting udev Kernel Device Manager...
Jul 19 20:21:33 priya systemd-modules-load[185]: Inserted module 'parport_pc'
Jul 19 20:21:33 priya systemd[1]: Mounted Debug File System.
Jul 19 20:21:33 priya systemd[1]: Mounted POSIX Message Queue File System.
Jul 19 20:21:33 priya systemd[1]: Mounted Huge Pages File System.
Jul 19 20:21:33 priya systemd[1]: Started Remount Root and Kernel File Systems.
Jul 19 20:21:33 priya systemd[1]: Starting Flush Journal to Persistent Storage...
Jul 19 20:21:33 priya systemd[1]: Starting Load/Save Random Seed...
Jul 19 20:21:33 priya systemd[1]: Starting udev Coldplug all Devices...
Jul 19 20:21:33 priya systemd[1]: Started Load Kernel Modules.
Jul 19 20:21:33 priya systemd[1]: Starting Apply Kernel Variables...
Jul 19 20:21:33 priya systemd[1]: Started Load/Save Random Seed.
Jul 19 20:21:33 priya systemd[1]: Started Flush Journal to Persistent Storage.
Jul 19 20:21:33 priya systemd[1]: Started Apply Kernel Variables.
Jul 19 20:21:33 priya systemd[1]: Started udev Coldplug all Devices.
Jul 19 20:21:33 priya systemd[1]: Started Set the console keyboard layout.
Jul 19 20:21:33 priya systemd[1]: Reached target Local File Systems (Pre).
Jul 19 20:21:33 priya systemd[1]: Reached target Local File Systems.
Jul 19 20:21:33 priya systemd[1]: Starting Raise network interfaces...
Jul 19 20:21:33 priya systemd[1]: Starting Set console font and keymap...
Jul 19 20:21:33 priya systemd[1]: Starting Create Volatile Files and Directories...
Jul 19 20:21:33 priya systemd[1]: Started udev Kernel Device Manager.
Jul 19 20:21:33 priya systemd[1]: Started Create Volatile Files and Directories.
Jul 19 20:21:33 priya systemd[1]: Starting Update UTMP about System Boot/Shutdown...
Jul 19 20:21:33 priya systemd[1]: Starting Network Time Synchronization...
Jul 19 20:21:33 priya systemd[1]: Started Update UTMP about System Boot/Shutdown.
Jul 19 20:21:33 priya systemd[1]: Started Set console font and keymap.
Jul 19 20:21:33 priya systemd[1]: Started Network Time Synchronization.
Jul 19 20:21:33 priya systemd[1]: Reached target System Initialization.
Jul 19 20:21:33 priya systemd[1]: Listening on Avahi mDNS/DNS-SD Stack Activation Socket.
Jul 19 20:21:33 priya systemd[1]: Listening on D-Bus System Message Bus Socket.
Jul 19 20:21:33 priya systemd[1]: Started CUPS Scheduler.
Jul 19 20:21:33 priya systemd[1]: Reached target Paths.
Jul 19 20:21:33 priya systemd[1]: Listening on CUPS Scheduler.
Jul 19 20:21:33 priya systemd[1]: Reached target Sockets.
Jul 19 20:21:33 priya systemd[1]: Reached target Basic System.
Jul 19 20:21:33 priya systemd[1]: Starting Login Service...
Jul 19 20:21:33 priya systemd[1]: Starting Avahi mDNS/DNS-SD Stack...
Jul 19 20:21:33 priya systemd[1]: Starting Modem Manager...
Jul 19 20:21:33 priya systemd[1]: Started CUPS Scheduler.
Jul 19 20:21:33 priya systemd[1]: Reached target Printer.
Jul 19 20:21:33 priya systemd[1]: Starting Accounts Service...
Jul 19 20:21:33 priya systemd[1]: Reached target Login Prompts.
Jul 19 20:21:33 priya systemd[1]: Started Regular background program processing daemon.
Jul 19 20:21:33 priya systemd[1]: Started D-Bus System Message Bus.
Jul 19 20:21:33 priya avahi-daemon[269]: Found user 'avahi' (UID 114) and group 'avahi' (GID 120).
Jul 19 20:21:33 priya avahi-daemon[269]: Successfully dropped root privileges.
Jul 19 20:21:33 priya avahi-daemon[269]: avahi-daemon 0.6.32 starting up.
Jul 19 20:21:33 priya ModemManager[270]: <info>  ModemManager (version 1.6.4) starting in system bus...
Jul 19 20:21:33 priya avahi-daemon[269]: Successfully called chroot().
Jul 19 20:21:33 priya avahi-daemon[269]: Successfully dropped remaining capabilities.
Jul 19 20:21:33 priya dbus[274]: [system] Successfully activated service 'org.freedesktop.systemd1'
Jul 19 20:21:33 priya systemd[1]: Started Avahi mDNS/DNS-SD Stack.
Jul 19 20:21:33 priya systemd[1]: Started Make remote CUPS printers available locally.
Jul 19 20:21:33 priya systemd[1]: Starting Network Manager...
Jul 19 20:21:33 priya systemd[1]: Starting Restore /etc/resolv.conf if the system crashed before the ppp link was shut down...
Jul 19 20:21:33 priya systemd[1]: Starting System Logging Service...
Jul 19 20:21:33 priya avahi-daemon[269]: No service file found in /etc/avahi/services.
Jul 19 20:21:33 priya systemd[1]: Started Daily Cleanup of Temporary Directories.
Jul 19 20:21:33 priya avahi-daemon[269]: Network interface enumeration completed.
Jul 19 20:21:33 priya avahi-daemon[269]: Server startup complete. Host name is priya.local. Local service cookie is 1886604544.
Jul 19 20:21:33 priya systemd[1]: Starting LSB: Speech Dispatcher...
Jul 19 20:21:33 priya systemd[1]: Starting RealtimeKit Scheduling Policy Service...
Jul 19 20:21:33 priya systemd[1]: Reached target System Time Synchronized.
Jul 19 20:21:33 priya systemd[1]: anacron.timer: Adding 3min 45.264065s random time.
Jul 19 20:21:33 priya systemd[1]: Started Trigger anacron every hour.
Jul 19 20:21:33 priya systemd[1]: Started Run anacron jobs.
Jul 19 20:21:33 priya systemd[1]: anacron.timer: Adding 1min 29.014232s random time.
Jul 19 20:21:33 priya systemd[1]: anacron.timer: Adding 4min 23.914292s random time.
Jul 19 20:21:33 priya rtkit-daemon[343]: Successfully called chroot.
Jul 19 20:21:33 priya rtkit-daemon[343]: Successfully dropped privileges.
Jul 19 20:21:33 priya rtkit-daemon[343]: Successfully limited resources.
Jul 19 20:21:33 priya rtkit-daemon[343]: Running.
Jul 19 20:21:33 priya rtkit-daemon[343]: Watchdog thread running.
Jul 19 20:21:33 priya rtkit-daemon[343]: Canary thread running.
Jul 19 20:21:33 priya systemd[1]: Started RealtimeKit Scheduling Policy Service.
Jul 19 20:21:33 priya systemd[1]: Reached target Sound Card.
Jul 19 20:21:33 priya systemd[1]: Created slice system-systemd\x2dbacklight.slice.
Jul 19 20:21:33 priya systemd[1]: Starting Load/Save Screen Backlight Brightness of backlight:acpi_video0...
Jul 19 20:21:33 priya systemd[1]: Started Login Service.
Jul 19 20:21:33 priya dbus[274]: [system] Activating via systemd: service name='org.freedesktop.PolicyKit1' unit='polkit.service'
Jul 19 20:21:33 priya systemd[1]: Starting Authorization Manager...
Jul 19 20:21:33 priya systemd[1]: Started System Logging Service.
Jul 19 20:21:33 priya polkitd[352]: started daemon version 0.105 using authority implementation `local' version `0.105'
Jul 19 20:21:33 priya dbus[274]: [system] Successfully activated service 'org.freedesktop.PolicyKit1'
Jul 19 20:21:33 priya systemd[1]: Started Authorization Manager.
Jul 19 20:21:33 priya accounts-daemon[272]: started daemon version 0.6.43
Jul 19 20:21:33 priya systemd[1]: Started Accounts Service.
Jul 19 20:21:33 priya systemd[1]: Started Restore /etc/resolv.conf if the system crashed before the ppp link was shut down.
Jul 19 20:21:33 priya systemd[1]: Started Load/Save Screen Backlight Brightness of backlight:acpi_video0.
Jul 19 20:21:33 priya systemd[1]: Started Raise network interfaces.
Jul 19 20:21:33 priya speech-dispatcher[342]: speech-dispatcher disabled; edit /etc/default/speech-dispatcher.
Jul 19 20:21:33 priya systemd[1]: Started LSB: Speech Dispatcher.
Jul 19 20:21:33 priya systemd-udevd[244]: Process '/usr/sbin/alsactl -E HOME=/run/alsa restore 0' failed with exit code 99.
Jul 19 20:21:33 priya systemd-udevd[238]: Process '/usr/sbin/alsactl -E HOME=/run/alsa restore 1' failed with exit code 99.
Jul 19 20:21:33 priya systemd[1]: Started Network Manager.
Jul 19 20:21:33 priya systemd[1]: Reached target Network.
Jul 19 20:21:33 priya systemd[1]: Started Unattended Upgrades Shutdown.
Jul 19 20:21:33 priya systemd[1]: Starting OpenBSD Secure Shell server...
Jul 19 20:21:33 priya systemd[1]: Starting Permit User Sessions...
Jul 19 20:21:33 priya systemd[1]: Starting Network Manager Wait Online...
Jul 19 20:21:33 priya dbus[274]: [system] Activating via systemd: service name='org.freedesktop.nm_dispatcher' unit='dbus-org.freedesktop.nm-dispatcher.service'
Jul 19 20:21:33 priya systemd[1]: Starting Network Manager Script Dispatcher Service...
Jul 19 20:21:33 priya systemd[1]: Started Permit User Sessions.
Jul 19 20:21:33 priya systemd[1]: Starting GNOME Display Manager...
Jul 19 20:21:34 priya dbus[274]: [system] Successfully activated service 'org.freedesktop.nm_dispatcher'
Jul 19 20:21:34 priya systemd[1]: Started Network Manager Script Dispatcher Service.
Jul 19 20:21:34 priya systemd[1]: Started Modem Manager.
Jul 19 20:21:34 priya dbus[274]: [system] Activating via systemd: service name='org.freedesktop.hostname1' unit='dbus-org.freedesktop.hostname1.service'
Jul 19 20:21:34 priya systemd[1]: Starting Hostname Service...
Jul 19 20:21:34 priya systemd[1]: Started OpenBSD Secure Shell server.
Jul 19 20:21:34 priya dbus[274]: [system] Successfully activated service 'org.freedesktop.hostname1'
Jul 19 20:21:34 priya systemd[1]: Started Hostname Service.
Jul 19 20:21:34 priya nm-dispatcher: req:1 'hostname': new request (1 scripts)
Jul 19 20:21:34 priya nm-dispatcher: req:1 'hostname': start running ordered scripts...
Jul 19 20:21:34 priya systemd[1]: Started GNOME Display Manager.
Jul 19 20:21:34 priya systemd[1]: Created slice User Slice of Debian-gdm.
Jul 19 20:21:34 priya systemd[1]: Starting User Manager for UID 118...
Jul 19 20:21:34 priya systemd[1]: Started Session c1 of user Debian-gdm.
Jul 19 20:21:35 priya systemd[412]: Listening on Sound System.
Jul 19 20:21:35 priya systemd[412]: Reached target Timers.
Jul 19 20:21:35 priya systemd[412]: Reached target Paths.
Jul 19 20:21:35 priya systemd[412]: Listening on GnuPG cryptographic agent and passphrase cache.
Jul 19 20:21:35 priya systemd[412]: Starting D-Bus User Message Bus Socket.
Jul 19 20:21:35 priya systemd[412]: Listening on GnuPG cryptographic agent (ssh-agent emulation).
Jul 19 20:21:35 priya systemd[412]: Listening on GnuPG cryptographic agent (access for web browsers).
Jul 19 20:21:35 priya systemd[412]: Listening on GnuPG cryptographic agent and passphrase cache (restricted).
Jul 19 20:21:35 priya systemd[412]: Listening on D-Bus User Message Bus Socket.
Jul 19 20:21:35 priya systemd[412]: Reached target Sockets.
Jul 19 20:21:35 priya systemd[412]: Reached target Basic System.
Jul 19 20:21:35 priya systemd[412]: Reached target Default.
Jul 19 20:21:35 priya systemd[412]: Startup finished in 73ms.
Jul 19 20:21:35 priya systemd[1]: Started User Manager for UID 118.
Jul 19 20:21:35 priya systemd[412]: Started D-Bus User Message Bus.
Jul 19 20:21:36 priya dhclient[431]: DHCPDISCOVER on enp1s0 to 255.255.255.255 port 67 interval 6
Jul 19 20:21:36 priya ModemManager[270]: <info>  Couldn't check support for device at '/sys/devices/pci0000:00/0000:00:04.0/0000:01:00.0': not supported by any plugin
Jul 19 20:21:36 priya dhclient[431]: DHCPREQUEST of 192.168.1.15 on enp1s0 to 255.255.255.255 port 67
Jul 19 20:21:36 priya dhclient[431]: DHCPOFFER of 192.168.1.15 from 192.168.1.1
Jul 19 20:21:36 priya gnome-session-binary[421]: WARNING: App 'org.gnome.Shell.desktop' exited with code 1
Jul 19 20:21:36 priya systemd[1]: Stopping User Manager for UID 118...
Jul 19 20:21:36 priya systemd[412]: Stopped target Default.
Jul 19 20:21:36 priya systemd[412]: Stopping D-Bus User Message Bus...
Jul 19 20:21:36 priya systemd[412]: Stopped D-Bus User Message Bus.
Jul 19 20:21:36 priya systemd[412]: Stopped target Basic System.
Jul 19 20:21:36 priya systemd[412]: Stopped target Sockets.
Jul 19 20:21:36 priya systemd[412]: Closed GnuPG cryptographic agent and passphrase cache (restricted).
Jul 19 20:21:36 priya systemd[412]: Closed GnuPG cryptographic agent and passphrase cache.
Jul 19 20:21:36 priya systemd[412]: Closed GnuPG cryptographic agent (access for web browsers).
Jul 19 20:21:36 priya systemd[412]: Closed Sound System.
Jul 19 20:21:36 priya systemd[412]: Closed GnuPG cryptographic agent (ssh-agent emulation).
Jul 19 20:21:36 priya systemd[412]: Stopped target Paths.
Jul 19 20:21:36 priya systemd[412]: Stopped target Timers.
Jul 19 20:21:36 priya systemd[412]: Closed D-Bus User Message Bus Socket.
Jul 19 20:21:36 priya systemd[412]: Reached target Shutdown.
Jul 19 20:21:36 priya systemd[412]: Starting Exit the Session...
Jul 19 20:21:36 priya systemd[412]: Received SIGRTMIN+24 from PID 441 (kill).
Jul 19 20:21:36 priya systemd[1]: Stopped User Manager for UID 118.
Jul 19 20:21:36 priya systemd[1]: Removed slice User Slice of Debian-gdm.
Jul 19 20:21:36 priya systemd[1]: Created slice User Slice of Debian-gdm.
Jul 19 20:21:36 priya systemd[1]: Starting User Manager for UID 118...
Jul 19 20:21:36 priya systemd[1]: Started Session c2 of user Debian-gdm.
Jul 19 20:21:36 priya systemd[449]: Listening on GnuPG cryptographic agent and passphrase cache (restricted).
Jul 19 20:21:36 priya systemd[449]: Starting D-Bus User Message Bus Socket.
Jul 19 20:21:36 priya systemd[449]: Listening on GnuPG cryptographic agent and passphrase cache.
Jul 19 20:21:36 priya systemd[449]: Listening on Sound System.
Jul 19 20:21:36 priya systemd[449]: Listening on GnuPG cryptographic agent (ssh-agent emulation).
Jul 19 20:21:36 priya systemd[449]: Listening on GnuPG cryptographic agent (access for web browsers).
Jul 19 20:21:36 priya systemd[449]: Reached target Timers.
Jul 19 20:21:36 priya systemd[449]: Reached target Paths.
Jul 19 20:21:36 priya systemd[449]: Listening on D-Bus User Message Bus Socket.
Jul 19 20:21:36 priya systemd[449]: Reached target Sockets.
Jul 19 20:21:36 priya systemd[449]: Reached target Basic System.
Jul 19 20:21:36 priya systemd[449]: Reached target Default.
Jul 19 20:21:36 priya systemd[449]: Startup finished in 19ms.
Jul 19 20:21:36 priya systemd[1]: Started User Manager for UID 118.
Jul 19 20:21:36 priya dhclient[431]: DHCPACK of 192.168.1.15 from 192.168.1.1
Jul 19 20:21:36 priya avahi-daemon[269]: Joining mDNS multicast group on interface enp1s0.IPv4 with address 192.168.1.15.
Jul 19 20:21:36 priya avahi-daemon[269]: New relevant interface enp1s0.IPv4 for mDNS.
Jul 19 20:21:36 priya avahi-daemon[269]: Registering new address record for 192.168.1.15 on enp1s0.IPv4.
Jul 19 20:21:36 priya nm-dispatcher: req:2 'connectivity-change': new request (1 scripts)
Jul 19 20:21:36 priya nm-dispatcher: req:2 'connectivity-change': start running ordered scripts...
Jul 19 20:21:36 priya nm-dispatcher: req:3 'up' [enp1s0]: new request (1 scripts)
Jul 19 20:21:36 priya nm-dispatcher: req:3 'up' [enp1s0]: start running ordered scripts...
Jul 19 20:21:37 priya dhclient[431]: bound to 192.168.1.15 -- renewal in 39087 seconds.
Jul 19 20:21:37 priya systemd[1]: Reloading OpenBSD Secure Shell server.
Jul 19 20:21:37 priya systemd[1]: Reloaded OpenBSD Secure Shell server.
Jul 19 20:21:37 priya systemd[1]: Reloading OpenBSD Secure Shell server.
Jul 19 20:21:37 priya systemd[1]: Reloaded OpenBSD Secure Shell server.
Jul 19 20:21:38 priya avahi-daemon[269]: Joining mDNS multicast group on interface enp1s0.IPv6 with address fe80::dacb:8aff:fe15:62b3.
Jul 19 20:21:38 priya avahi-daemon[269]: New relevant interface enp1s0.IPv6 for mDNS.
Jul 19 20:21:38 priya avahi-daemon[269]: Registering new address record for fe80::dacb:8aff:fe15:62b3 on enp1s0.*.
Jul 19 20:21:39 priya systemd[449]: Started D-Bus User Message Bus.
Jul 19 20:21:39 priya dbus-daemon[530]: Activating via systemd: service name='org.a11y.Bus' unit='at-spi-dbus-bus.service'
Jul 19 20:21:39 priya systemd[449]: Starting Accessibility services bus...
Jul 19 20:21:39 priya dbus-daemon[530]: Successfully activated service 'org.a11y.Bus'
Jul 19 20:21:39 priya systemd[449]: Started Accessibility services bus.
Jul 19 20:21:39 priya at-spi-bus-launcher[539]: Activating service name='org.a11y.atspi.Registry'
Jul 19 20:21:39 priya at-spi-bus-launcher[539]: Successfully activated service 'org.a11y.atspi.Registry'
Jul 19 20:21:40 priya dbus[274]: [system] Activating via systemd: service name='org.freedesktop.UPower' unit='upower.service'
Jul 19 20:21:40 priya systemd[1]: Starting Daemon for power management...
Jul 19 20:21:40 priya dbus[274]: [system] Successfully activated service 'org.freedesktop.UPower'
Jul 19 20:21:40 priya systemd[1]: Started Daemon for power management.
Jul 19 20:21:40 priya systemd[449]: Starting Sound Service...
Jul 19 20:21:41 priya systemd[1]: Started Network Manager Wait Online.
Jul 19 20:21:41 priya systemd[1]: Reached target Network is Online.
Jul 19 20:21:41 priya systemd[1]: Starting LSB: exim Mail Transport Agent...
Jul 19 20:21:41 priya systemd[1]: apt-daily.timer: Adding 30min 49.074438s random time.
Jul 19 20:21:41 priya systemd[1]: Started Daily apt download activities.
Jul 19 20:21:41 priya systemd[1]: apt-daily-upgrade.timer: Adding 27min 6.771402s random time.
Jul 19 20:21:41 priya systemd[1]: Started Daily apt upgrade and clean activities.
Jul 19 20:21:41 priya systemd[1]: Reached target Timers.
Jul 19 20:21:41 priya systemd[1]: Starting keep memory of all UPnP devices that announced themselves...
Jul 19 20:21:41 priya systemd[1]: Started keep memory of all UPnP devices that announced themselves.
Jul 19 20:21:41 priya rtkit-daemon[343]: Supervising 0 threads of 0 processes of 1 users.
Jul 19 20:21:41 priya rtkit-daemon[343]: Supervising 0 threads of 0 processes of 1 users.
Jul 19 20:21:41 priya rtkit-daemon[343]: Supervising 0 threads of 0 processes of 1 users.
Jul 19 20:21:41 priya rtkit-daemon[343]: Supervising 0 threads of 0 processes of 1 users.
Jul 19 20:21:41 priya rtkit-daemon[343]: Supervising 0 threads of 0 processes of 1 users.
Jul 19 20:21:41 priya rtkit-daemon[343]: Supervising 0 threads of 0 processes of 1 users.
Jul 19 20:21:41 priya rtkit-daemon[343]: Supervising 0 threads of 0 processes of 1 users.
Jul 19 20:21:41 priya rtkit-daemon[343]: Supervising 0 threads of 0 processes of 1 users.
Jul 19 20:21:41 priya rtkit-daemon[343]: Supervising 0 threads of 0 processes of 1 users.
Jul 19 20:21:41 priya rtkit-daemon[343]: Supervising 0 threads of 0 processes of 1 users.
Jul 19 20:21:41 priya dbus[274]: [system] Activating via systemd: service name='org.bluez' unit='dbus-org.bluez.service'
Jul 19 20:21:41 priya systemd[449]: Started Sound Service.
Jul 19 20:21:42 priya exim4[591]: Starting MTA: exim4.
Jul 19 20:21:42 priya systemd[1]: Started LSB: exim Mail Transport Agent.
Jul 19 20:21:42 priya systemd[1]: Reached target Multi-User System.
Jul 19 20:21:42 priya systemd[1]: Reached target Graphical Interface.
Jul 19 20:21:42 priya systemd[1]: Starting Update UTMP about System Runlevel Changes...
Jul 19 20:21:42 priya systemd[1]: Started Update UTMP about System Runlevel Changes.
Jul 19 20:21:42 priya systemd[1]: Startup finished in 3.662s (kernel) + 13.589s (userspace) = 17.251s.
Jul 19 20:21:44 priya dbus[274]: [system] Activating via systemd: service name='org.freedesktop.locale1' unit='dbus-org.freedesktop.locale1.service'
Jul 19 20:21:44 priya systemd[1]: Starting Locale Service...
Jul 19 20:21:44 priya dbus[274]: [system] Successfully activated service 'org.freedesktop.locale1'
Jul 19 20:21:44 priya systemd[1]: Started Locale Service.
Jul 19 20:21:44 priya dbus[274]: [system] Activating via systemd: service name='org.freedesktop.GeoClue2' unit='geoclue.service'
Jul 19 20:21:44 priya systemd[1]: Starting Location Lookup Service...
Jul 19 20:21:44 priya dbus[274]: [system] Activating via systemd: service name='org.freedesktop.PackageKit' unit='packagekit.service'
Jul 19 20:21:44 priya dbus[274]: [system] Activating via systemd: service name='fi.w1.wpa_supplicant1' unit='wpa_supplicant.service'
Jul 19 20:21:44 priya systemd[1]: Starting WPA supplicant...
Jul 19 20:21:44 priya systemd[1]: Starting PackageKit Daemon...
Jul 19 20:21:44 priya PackageKit: daemon start
Jul 19 20:21:45 priya dbus[274]: [system] Successfully activated service 'org.freedesktop.PackageKit'
Jul 19 20:21:45 priya systemd[1]: Started PackageKit Daemon.
Jul 19 20:21:45 priya dbus[274]: [system] Activating via systemd: service name='org.freedesktop.ColorManager' unit='colord.service'
Jul 19 20:21:45 priya systemd[1]: Starting Manage, Install and Generate Color Profiles...
Jul 19 20:21:45 priya dbus[274]: [system] Successfully activated service 'org.freedesktop.ColorManager'
Jul 19 20:21:45 priya systemd[1]: Started Manage, Install and Generate Color Profiles.
Jul 19 20:21:45 priya dbus[274]: [system] Activating via systemd: service name='org.freedesktop.realmd' unit='realmd.service'
Jul 19 20:21:45 priya systemd[1]: Starting Realm and Domain Configuration...
Jul 19 20:21:45 priya dbus[274]: [system] Successfully activated service 'org.freedesktop.realmd'
Jul 19 20:21:45 priya systemd[1]: Started Realm and Domain Configuration.
Jul 19 20:21:46 priya dbus[274]: [system] Successfully activated service 'fi.w1.wpa_supplicant1'
Jul 19 20:21:46 priya wpa_supplicant[862]: Successfully initialized wpa_supplicant
Jul 19 20:21:46 priya systemd[1]: Started WPA supplicant.
Jul 19 20:21:46 priya dbus[274]: [system] Successfully activated service 'org.freedesktop.GeoClue2'
Jul 19 20:21:46 priya systemd[1]: Started Location Lookup Service.
Jul 19 20:21:53 priya systemd[1]: Created slice User Slice of system.
Jul 19 20:21:53 priya systemd[1]: Starting User Manager for UID 1000...
Jul 19 20:21:53 priya systemd[1]: Started Session 3 of user system.
Jul 19 20:21:53 priya systemd[910]: Starting D-Bus User Message Bus Socket.
Jul 19 20:21:53 priya systemd[910]: Listening on GnuPG cryptographic agent (ssh-agent emulation).
Jul 19 20:21:53 priya systemd[910]: Listening on GnuPG cryptographic agent and passphrase cache.
Jul 19 20:21:53 priya systemd[910]: Listening on GnuPG cryptographic agent and passphrase cache (restricted).
Jul 19 20:21:53 priya systemd[910]: Reached target Timers.
Jul 19 20:21:53 priya systemd[910]: Reached target Paths.
Jul 19 20:21:53 priya systemd[910]: Listening on GnuPG cryptographic agent (access for web browsers).
Jul 19 20:21:53 priya systemd[910]: Listening on D-Bus User Message Bus Socket.
Jul 19 20:21:53 priya systemd[910]: Reached target Sockets.
Jul 19 20:21:53 priya systemd[910]: Reached target Basic System.
Jul 19 20:21:53 priya systemd[910]: Reached target Default.
Jul 19 20:21:53 priya systemd[910]: Startup finished in 27ms.
Jul 19 20:21:53 priya systemd[1]: Started User Manager for UID 1000.
Jul 19 20:21:57 priya systemd[910]: Started D-Bus User Message Bus.
Jul 19 20:21:59 priya systemd[449]: Time has been changed
Jul 19 20:21:59 priya systemd[910]: Time has been changed
Jul 19 20:21:59 priya systemd[1]: Time has been changed
Jul 19 20:21:59 priya systemd[1]: apt-daily-upgrade.timer: Adding 52min 40.928500s random time.
Jul 19 20:21:59 priya systemd[1]: apt-daily.timer: Adding 11h 12min 41.710811s random time.
Jul 19 20:21:59 priya systemd[1]: anacron.timer: Adding 28.120568s random time.
Jul 19 20:22:04 priya pulseaudio[590]: E: [pulseaudio] bluez5-util.c: GetManagedObjects() failed: org.freedesktop.DBus.Error.NoReply: Did not receive a reply. Possible causes include: the remote application did not send a reply, the message bus security policy blocked the reply, the reply timeout expired, or the network connection was broken.
Jul 19 20:22:05 priya minissdpd[596]: 4 new devices added
Jul 19 20:22:06 priya dbus-daemon[928]: Activating via systemd: service name='org.a11y.Bus' unit='at-spi-dbus-bus.service'
Jul 19 20:22:06 priya systemd[910]: Starting Accessibility services bus...
Jul 19 20:22:06 priya dbus-daemon[928]: Successfully activated service 'org.a11y.Bus'
Jul 19 20:22:06 priya systemd[910]: Started Accessibility services bus.
Jul 19 20:22:06 priya at-spi-bus-launcher[987]: Activating service name='org.a11y.atspi.Registry'
Jul 19 20:22:06 priya at-spi-bus-launcher[987]: Successfully activated service 'org.a11y.atspi.Registry'
Jul 19 20:22:07 priya dbus-daemon[928]: Activating via systemd: service name='org.gtk.vfs.Daemon' unit='gvfs-daemon.service'
Jul 19 20:22:07 priya systemd[910]: Starting Virtual filesystem service...
Jul 19 20:22:07 priya dbus-daemon[928]: Successfully activated service 'org.gtk.vfs.Daemon'
Jul 19 20:22:07 priya systemd[910]: Started Virtual filesystem service.
Jul 19 20:22:07 priya systemd[1]: Mounting FUSE Control File System...
Jul 19 20:22:07 priya systemd[1]: Mounted FUSE Control File System.
Jul 19 20:22:07 priya rtkit-daemon[343]: Successfully made thread 1040 of process 1040 (n/a) owned by '1000' high priority at nice level -11.
Jul 19 20:22:07 priya rtkit-daemon[343]: Supervising 1 threads of 1 processes of 1 users.
Jul 19 20:22:07 priya rtkit-daemon[343]: Supervising 1 threads of 1 processes of 1 users.
Jul 19 20:22:07 priya rtkit-daemon[343]: Successfully made thread 1041 of process 1040 (n/a) owned by '1000' RT at priority 5.
Jul 19 20:22:07 priya rtkit-daemon[343]: Supervising 2 threads of 1 processes of 1 users.
Jul 19 20:22:07 priya rtkit-daemon[343]: Supervising 2 threads of 1 processes of 1 users.
Jul 19 20:22:07 priya rtkit-daemon[343]: Successfully made thread 1042 of process 1040 (n/a) owned by '1000' RT at priority 5.
Jul 19 20:22:07 priya rtkit-daemon[343]: Supervising 3 threads of 1 processes of 1 users.
Jul 19 20:22:07 priya dbus[274]: [system] Activating via systemd: service name='org.bluez' unit='dbus-org.bluez.service'
Jul 19 20:22:08 priya dbus-daemon[928]: Activating service name='org.gnome.Shell.CalendarServer'
Jul 19 20:22:08 priya dbus-daemon[928]: Activating via systemd: service name='org.gnome.evolution.dataserver.Sources5' unit='evolution-source-registry.service'
Jul 19 20:22:08 priya systemd[910]: Starting Evolution source registry...
Jul 19 20:22:08 priya dbus-daemon[928]: Activating service name='ca.desrt.dconf'
Jul 19 20:22:08 priya dbus[274]: [system] Activating via systemd: service name='org.freedesktop.GeoClue2' unit='geoclue.service'
Jul 19 20:22:08 priya systemd[1]: Starting Location Lookup Service...
Jul 19 20:22:08 priya dbus-daemon[928]: Successfully activated service 'ca.desrt.dconf'
Jul 19 20:22:08 priya dbus[274]: [system] Successfully activated service 'org.freedesktop.GeoClue2'
Jul 19 20:22:08 priya systemd[1]: Started Location Lookup Service.
Jul 19 20:22:08 priya dbus-daemon[928]: Activating service name='org.gnome.OnlineAccounts'
Jul 19 20:22:08 priya dbus-daemon[928]: Activating via systemd: service name='org.freedesktop.Telepathy.AccountManager' unit='telepathy-mission-control-5.service'
Jul 19 20:22:08 priya systemd[910]: Starting Telepathy Mission Control service...
Jul 19 20:22:08 priya dbus-daemon[928]: Activating via systemd: service name='org.gtk.vfs.UDisks2VolumeMonitor' unit='gvfs-udisks2-volume-monitor.service'
Jul 19 20:22:08 priya systemd[910]: Starting Virtual filesystem service - disk device monitor...
Jul 19 20:22:08 priya dbus-daemon[928]: Successfully activated service 'org.gnome.evolution.dataserver.Sources5'
Jul 19 20:22:08 priya systemd[910]: Started Evolution source registry.
Jul 19 20:22:09 priya dbus[274]: [system] Activating via systemd: service name='org.freedesktop.UDisks2' unit='udisks2.service'
Jul 19 20:22:09 priya dbus-daemon[928]: Successfully activated service 'org.freedesktop.Telepathy.AccountManager'
Jul 19 20:22:09 priya systemd[910]: Started Telepathy Mission Control service.
Jul 19 20:22:09 priya systemd[1]: Starting Disk Manager...
Jul 19 20:22:09 priya dbus-daemon[928]: Successfully activated service 'org.gnome.Shell.CalendarServer'
Jul 19 20:22:09 priya dbus-daemon[928]: Activating service name='org.gnome.Identity'
Jul 19 20:22:09 priya dbus-daemon[928]: Successfully activated service 'org.gnome.OnlineAccounts'
Jul 19 20:22:09 priya udisksd[1081]: udisks daemon version 2.1.8 starting
Jul 19 20:22:09 priya dbus[274]: [system] Successfully activated service 'org.freedesktop.UDisks2'
Jul 19 20:22:09 priya systemd[1]: Started Disk Manager.
Jul 19 20:22:09 priya udisksd[1081]: Acquired the name org.freedesktop.UDisks2 on the system message bus
Jul 19 20:22:09 priya dbus-daemon[928]: Successfully activated service 'org.gnome.Identity'
Jul 19 20:22:09 priya dbus-daemon[928]: Successfully activated service 'org.gtk.vfs.UDisks2VolumeMonitor'
Jul 19 20:22:09 priya systemd[910]: Started Virtual filesystem service - disk device monitor.
Jul 19 20:22:09 priya dbus-daemon[928]: Activating via systemd: service name='org.gtk.vfs.GPhoto2VolumeMonitor' unit='gvfs-gphoto2-volume-monitor.service'
Jul 19 20:22:09 priya systemd[910]: Starting Virtual filesystem service - digital camera monitor...
Jul 19 20:22:09 priya dbus-daemon[928]: Successfully activated service 'org.gtk.vfs.GPhoto2VolumeMonitor'
Jul 19 20:22:09 priya systemd[910]: Started Virtual filesystem service - digital camera monitor.
Jul 19 20:22:09 priya dbus-daemon[928]: Activating via systemd: service name='org.gtk.vfs.AfcVolumeMonitor' unit='gvfs-afc-volume-monitor.service'
Jul 19 20:22:09 priya systemd[910]: Starting Virtual filesystem service - Apple File Conduit monitor...
Jul 19 20:22:09 priya gvfs-afc-volume-monitor[1103]: Volume monitor alive
Jul 19 20:22:09 priya dbus-daemon[928]: Successfully activated service 'org.gtk.vfs.AfcVolumeMonitor'
Jul 19 20:22:09 priya systemd[910]: Started Virtual filesystem service - Apple File Conduit monitor.
Jul 19 20:22:09 priya dbus-daemon[928]: Activating via systemd: service name='org.gtk.vfs.GoaVolumeMonitor' unit='gvfs-goa-volume-monitor.service'
Jul 19 20:22:09 priya systemd[910]: Starting Virtual filesystem service - GNOME Online Accounts monitor...
Jul 19 20:22:09 priya dbus-daemon[928]: Successfully activated service 'org.gtk.vfs.GoaVolumeMonitor'
Jul 19 20:22:09 priya systemd[910]: Started Virtual filesystem service - GNOME Online Accounts monitor.
Jul 19 20:22:09 priya dbus-daemon[928]: Activating via systemd: service name='org.gtk.vfs.MTPVolumeMonitor' unit='gvfs-mtp-volume-monitor.service'
Jul 19 20:22:09 priya systemd[910]: Starting Virtual filesystem service - Media Transfer Protocol monitor...
Jul 19 20:22:09 priya dbus-daemon[928]: Successfully activated service 'org.gtk.vfs.MTPVolumeMonitor'
Jul 19 20:22:09 priya systemd[910]: Started Virtual filesystem service - Media Transfer Protocol monitor.
Jul 19 20:22:09 priya dbus-daemon[928]: Activating via systemd: service name='org.gnome.evolution.dataserver.Calendar7' unit='evolution-calendar-factory.service'
Jul 19 20:22:10 priya systemd[910]: Starting Evolution calendar service...
Jul 19 20:22:10 priya dbus-daemon[928]: Activating via systemd: service name='org.freedesktop.Tracker1' unit='tracker-store.service'
Jul 19 20:22:10 priya systemd[910]: Starting Tracker metadata database store and lookup manager...
Jul 19 20:22:11 priya dbus-daemon[928]: Successfully activated service 'org.freedesktop.Tracker1'
Jul 19 20:22:11 priya systemd[910]: Started Tracker metadata database store and lookup manager.
Jul 19 20:22:11 priya dbus-daemon[928]: Successfully activated service 'org.gnome.evolution.dataserver.Calendar7'
Jul 19 20:22:11 priya systemd[910]: Started Evolution calendar service.
Jul 19 20:22:12 priya dbus-daemon[928]: Activating via systemd: service name='org.gnome.evolution.dataserver.AddressBook9' unit='evolution-addressbook-factory.service'
Jul 19 20:22:12 priya systemd[910]: Starting Evolution address book service...
Jul 19 20:22:12 priya dbus-daemon[928]: Activating via systemd: service name='org.gtk.vfs.Metadata' unit='gvfs-metadata.service'
Jul 19 20:22:12 priya systemd[910]: Starting Virtual filesystem metadata service...
Jul 19 20:22:12 priya dbus-daemon[928]: Successfully activated service 'org.gnome.evolution.dataserver.AddressBook9'
Jul 19 20:22:12 priya systemd[910]: Started Evolution address book service.
Jul 19 20:22:12 priya dbus-daemon[928]: Successfully activated service 'org.gtk.vfs.Metadata'
Jul 19 20:22:12 priya systemd[910]: Started Virtual filesystem metadata service.
Jul 19 20:22:25 priya minissdpd[596]: 6 new devices added
Jul 19 20:22:46 priya dbus-daemon[928]: Activating service name='org.gnome.ControlCenter.SearchProvider'
Jul 19 20:22:46 priya dbus-daemon[928]: Activating service name='org.gnome.Contacts.SearchProvider'
Jul 19 20:22:46 priya dbus-daemon[928]: Activating service name='org.gnome.Documents'
Jul 19 20:22:46 priya dbus-daemon[928]: Activating service name='org.gnome.Nautilus'
Jul 19 20:22:46 priya dbus-daemon[928]: Activating service name='org.gnome.Calculator.SearchProvider'
Jul 19 20:22:46 priya dbus-daemon[928]: Activating service name='org.gnome.Calendar'
Jul 19 20:22:46 priya dbus-daemon[928]: Activating service name='org.gnome.clocks'
Jul 19 20:22:46 priya dbus-daemon[928]: Activating service name='org.gnome.seahorse.Application'
Jul 19 20:22:46 priya dbus-daemon[928]: Activating via systemd: service name='org.gnome.Terminal' unit='gnome-terminal-server.service'
Jul 19 20:22:49 priya systemd[910]: Starting GNOME Terminal Server...
Jul 19 20:22:49 priya dbus-daemon[928]: Successfully activated service 'org.gnome.ControlCenter.SearchProvider'
Jul 19 20:22:49 priya dbus-daemon[928]: Successfully activated service 'org.gnome.Calculator.SearchProvider'
Jul 19 20:22:49 priya dbus-daemon[928]: Successfully activated service 'org.gnome.clocks'
Jul 19 20:22:50 priya dbus-daemon[928]: Successfully activated service 'org.gnome.Nautilus'
Jul 19 20:22:50 priya dbus-daemon[928]: Successfully activated service 'org.gnome.Contacts.SearchProvider'
Jul 19 20:22:50 priya dbus-daemon[928]: Successfully activated service 'org.gnome.Calendar'
Jul 19 20:22:50 priya dbus-daemon[928]: Successfully activated service 'org.gnome.seahorse.Application'
Jul 19 20:22:50 priya dbus-daemon[928]: Successfully activated service 'org.gnome.Documents'
Jul 19 20:22:50 priya dbus-daemon[928]: Successfully activated service 'org.gnome.Terminal'
Jul 19 20:22:50 priya systemd[910]: Started GNOME Terminal Server.
Jul 19 20:23:24 priya PackageKit: get-updates transaction /2_beabbebd from uid 1000 finished with success after 3796ms
Jul 19 20:23:25 priya PackageKit: new update-packages transaction /3_bdabadde scheduled from uid 1000
Jul 19 20:23:27 priya PackageKit: update-packages transaction /3_bdabadde from uid 1000 finished with success after 1368ms
Jul 19 20:23:28 priya PackageKit: get-update-detail transaction /4_cdbbeaae from uid 1000 finished with success after 752ms
Jul 19 20:23:51 priya PackageKit: get-updates transaction /5_baacbcbb from uid 1000 finished with success after 435ms
Jul 19 20:25:33 priya systemd[1]: Reloading.
Jul 19 20:25:33 priya systemd[1]: apt-daily.timer: Adding 7h 45min 48.574417s random time.
Jul 19 20:25:33 priya systemd[1]: anacron.timer: Adding 58.309000s random time.
Jul 19 20:25:33 priya systemd[1]: Reloading.
Jul 19 20:25:33 priya systemd[1]: apt-daily.timer: Adding 11h 21min 4.161807s random time.
Jul 19 20:25:33 priya systemd[1]: anacron.timer: Adding 3min 11.047721s random time.
Jul 19 20:25:33 priya systemd[1]: Reloading.
Jul 19 20:25:33 priya systemd[1]: apt-daily.timer: Adding 7h 14min 3.793489s random time.
Jul 19 20:25:33 priya systemd[1]: anacron.timer: Adding 4min 42.862622s random time.
Jul 19 20:25:33 priya systemd[1]: Reloading.
Jul 19 20:25:33 priya systemd[1]: apt-daily.timer: Adding 5h 57min 24.063921s random time.
Jul 19 20:25:33 priya systemd[1]: anacron.timer: Adding 1min 13.341790s random time.
Jul 19 20:25:33 priya systemd[1]: Reloading.
Jul 19 20:25:33 priya systemd[1]: apt-daily.timer: Adding 8h 31min 540.198ms random time.
Jul 19 20:25:33 priya systemd[1]: anacron.timer: Adding 3min 46.078866s random time.
Jul 19 20:35:27 priya minissdpd[596]: 3 new devices added
Jul 19 20:35:32 priya minissdpd[596]: 6 new devices added
Jul 19 20:36:27 priya systemd[1]: Starting Cleanup of Temporary Directories...
Jul 19 20:36:33 priya systemd[1]: anacron.timer: Adding 2min 9.620220s random time.
Jul 19 20:36:33 priya systemd[1]: anacron.timer: Adding 2min 34.623069s random time.
Jul 19 20:42:15 priya minissdpd[596]: 10 new devices added
Jul 19 21:02:34 priya systemd[1]: Started Run anacron jobs.
Jul 19 21:02:34 priya systemd[1]: anacron.timer: Adding 3min 44.371278s random time.
Jul 19 21:07:41 priya minissdpd[596]: device not found for removing : uuid:LGTV20165=51003026617::upnp:rootdevice
Jul 19 21:07:41 priya minissdpd[596]: device not found for removing : uuid:LGTV20165=51003026617
Jul 19 21:07:41 priya minissdpd[596]: device not found for removing : uuid:LGTV20165=51003026617::urn:schemas-upnp-org:device:mdxdevice:1
Jul 19 21:07:41 priya minissdpd[596]: device not found for removing : uuid:LGTV20165=51003026617::urn:mdx-netflix-com:service:target:3
Jul 19 21:07:41 priya minissdpd[596]: device not found for removing : uuid:LGTV20165=51003026617::upnp:rootdevice
Jul 19 21:07:41 priya minissdpd[596]: device not found for removing : uuid:LGTV20165=51003026617
Jul 19 21:07:41 priya minissdpd[596]: device not found for removing : uuid:LGTV20165=51003026617::urn:schemas-upnp-org:device:mdxdevice:1
Jul 19 21:07:41 priya minissdpd[596]: device not found for removing : uuid:LGTV20165=51003026617::urn:mdx-netflix-com:service:target:3
Jul 19 21:30:25 priya systemd[1]: Started Cleanup of Temporary Directories.
