
Start-Date: 2017-07-15  22:52:52
Commandline: apt-get install -y debconf locales
Install: locales:i386 (2.24-11), libc-l10n:i386 (2.24-11, automatic)
End-Date: 2017-07-15  22:52:53

Start-Date: 2017-07-15  22:53:19
Commandline: apt-get install git-core -y
Install: libxdmcp6:i386 (1:1.1.2-3, automatic), libssh2-1:i386 (1.7.0-1, automatic), libkrb5-3:i386 (1.15-1, automatic), libgssapi-krb5-2:i386 (1.15-1, automatic), libnghttp2-14:i386 (1.18.1-1, automatic), libsasl2-modules-db:i386 (2.1.27~101-g0780600+dfsg-3, automatic), libldap-2.4-2:i386 (2.4.44+dfsg-5, automatic), openssl:i386 (1.1.0f-3, automatic), rename:i386 (0.20-4, automatic), git-man:i386 (1:2.11.0-3, automatic), perl-modules-5.24:i386 (5.24.1-3, automatic), git:i386 (1:2.11.0-3, automatic), libk5crypto3:i386 (1.15-1, automatic), libsasl2-2:i386 (2.1.27~101-g0780600+dfsg-3, automatic), libx11-6:i386 (2:1.6.4-3, automatic), libexpat1:i386 (2.2.0-2, automatic), krb5-locales:i386 (1.15-1, automatic), libperl5.24:i386 (5.24.1-3, automatic), libxau6:i386 (1:1.0.8-1, automatic), librtmp1:i386 (2.4+20151223.gitfa8646d.1-1+b1, automatic), libsasl2-modules:i386 (2.1.27~101-g0780600+dfsg-3, automatic), libxcb1:i386 (1.12-1, automatic), libkrb5support0:i386 (1.15-1, automatic), libldap-common:i386 (2.4.44+dfsg-5, automatic), libkeyutils1:i386 (1.5.9-9, automatic), libxmuu1:i386 (2:1.1.2-2, automatic), libx11-data:i386 (2:1.6.4-3, automatic), openssh-client:i386 (1:7.4p1-10, automatic), libedit2:i386 (3.1-20160903-3, automatic), ca-certificates:i386 (20161130+nmu1, automatic), perl:i386 (5.24.1-3, automatic), rsync:i386 (3.1.2-1, automatic), xauth:i386 (1:1.0.9-1+b2, automatic), patch:i386 (2.7.5-1+b2, automatic), git-core:i386 (1:2.11.0-3), libcurl3-gnutls:i386 (7.52.1-5, automatic), less:i386 (481-2.1, automatic), libxext6:i386 (2:1.3.3-1+b2, automatic), liberror-perl:i386 (0.17024-1, automatic)
End-Date: 2017-07-15  22:53:27

Start-Date: 2017-07-15  22:53:30
Commandline: apt-get install php7.0 -y
Install: php7.0-cli:i386 (7.0.19-1, automatic), sgml-base:i386 (1.29, automatic), php-common:i386 (1:49, automatic), libaprutil1:i386 (1.5.4-3, automatic), libicu57:i386 (57.1-6, automatic), php7.0-opcache:i386 (7.0.19-1, automatic), php7.0:i386 (7.0.19-1), libaprutil1-dbd-sqlite3:i386 (1.5.4-3, automatic), php7.0-common:i386 (7.0.19-1, automatic), mime-support:i386 (3.60, automatic), libmagic1:i386 (1:5.30-1, automatic), ssl-cert:i386 (1.0.39, automatic), apache2-data:i386 (2.4.25-3, automatic), libapr1:i386 (1.5.2-5, automatic), libaprutil1-ldap:i386 (1.5.4-3, automatic), xml-core:i386 (0.17, automatic), php7.0-json:i386 (7.0.19-1, automatic), libmagic-mgc:i386 (1:5.30-1, automatic), psmisc:i386 (22.21-2.1+b2, automatic), php7.0-readline:i386 (7.0.19-1, automatic), ucf:i386 (3.0036, automatic), xz-utils:i386 (5.2.2-1.2+b1, automatic), liblua5.2-0:i386 (5.2.4-1.1+b2, automatic), bzip2:i386 (1.0.6-8.1, automatic), libxml2:i386 (2.9.4+dfsg1-2.2, automatic), file:i386 (1:5.30-1, automatic), apache2-bin:i386 (2.4.25-3, automatic), apache2:i386 (2.4.25-3, automatic), apache2-utils:i386 (2.4.25-3, automatic), libapache2-mod-php7.0:i386 (7.0.19-1, automatic)
Error: Sub-process /usr/bin/dpkg returned an error code (1)
End-Date: 2017-07-15  22:53:40

Start-Date: 2017-07-15  22:53:41
Commandline: apt-get install php7.0-cli -y
Error: Sub-process /usr/bin/dpkg returned an error code (1)
End-Date: 2017-07-15  22:53:41

Start-Date: 2017-07-15  22:53:42
Commandline: apt-get install php7.0-json -y
Error: Sub-process /usr/bin/dpkg returned an error code (1)
End-Date: 2017-07-15  22:53:42
